[TRACE] 18:48:43:880 MUSE/(4019:4022): proceso #4021 solicito la apertura de la libreria.
[TRACE] 18:48:43:885 MUSE/(4019:4022): se inicializo correctamente la libreria para proceso #4021
[TRACE] 18:48:43:885 MUSE/(4019:4022): el proceso #4021 solicito 30 bytes dinamicos de memoria.
[INFO] 18:48:43:885 MUSE/(4019:4022): el porcentaje de memoria asignada del proceso #4021 es igual a 0 % .0 Se solicito un total de 0 bytes y se libero un total de 0 bytes. Se obtuvo un total de 0 bytes perdidos. Y la cantidad de memoria disponible del proceso es de 0
[TRACE] 18:48:43:885 MUSE/(4019:4022): se crea un segmento nuevo para el proceso #4021.
[TRACE] 18:48:43:885 MUSE/(4019:4022): se le asigno correctamente memoria dinamica al proceso #4021. La direccion logica es 5
[TRACE] 18:48:43:886 MUSE/(4019:4022): el proceso #4021 solicito el mappeo de 277 bytes del archivo 'stephen.txt' de forma compartida.
[TRACE] 18:48:43:886 MUSE/(4019:4022): se le otorgo la direccion 50 del archivo mappeado a memoria al proceso #4021.
[TRACE] 18:48:43:886 MUSE/(4019:4022): el proceso #4021 solicito copiar 21 a copiar en la direccion #5.
[TRACE] 18:48:43:886 MUSE/(4019:4022): se copio exitosamente 'Hola loquui, como va?:43:886' en la direccion 5 correspondiendo al segmento #0 del proceso #4021.
[TRACE] 18:48:43:886 MUSE/(4019:4022): el proceso #4021 solicito la lectura de 10 bytes de la direccion 5
[TRACE] 18:48:43:887 MUSE/(4019:4022): el proceso #4021 solicito copiar 81 a copiar en la direccion #50.
[TRACE] 18:48:43:887 MUSE/(4019:4022): se produce un page fault (pagina #0)
[TRACE] 18:48:43:887 MUSE/(4019:4022): se procede a asignar el marco #1 a la pagina #0
[TRACE] 18:48:43:887 MUSE/(4019:4022): se produce un page fault (pagina #1)
[TRACE] 18:48:43:887 MUSE/(4019:4022): se procede a asignar el marco #2 a la pagina #1
[TRACE] 18:48:43:887 MUSE/(4019:4022): se copio exitosamente 'Habia una vaca re loca y pirada que queria aprobar sistemas operativos y no pudo ' en la direccion 50 correspondiendo al segmento #1 del proceso #4021.
[TRACE] 18:48:43:887 MUSE/(4019:4022): el proceso #4021 solicito la lectura de 81 bytes de la direccion 50
[TRACE] 18:48:43:888 MUSE/(4019:4022): el proceso #4021 solicito la sincronizacion de 10 bytes al archivo stephen.txt.
[TRACE] 18:48:43:888 MUSE/(4019:4022): el proceso #4021 solicito la liberacion de la direccion de memoria 5.
[TRACE] 18:48:43:888 MUSE/(4019:4022): se libero correctamente la direccion 5 del proceso #4021
[TRACE] 18:48:45:408 MUSE/(4019:4025): proceso #4024 solicito la apertura de la libreria.
[TRACE] 18:48:45:408 MUSE/(4019:4025): se inicializo correctamente la libreria para proceso #4024
[TRACE] 18:48:45:408 MUSE/(4019:4025): el proceso #4024 solicito 30 bytes dinamicos de memoria.
[INFO] 18:48:45:408 MUSE/(4019:4025): el porcentaje de memoria asignada del proceso #4024 es igual a 0 % .0 Se solicito un total de 0 bytes y se libero un total de 0 bytes. Se obtuvo un total de 0 bytes perdidos. Y la cantidad de memoria disponible del proceso es de 0
[TRACE] 18:48:45:408 MUSE/(4019:4025): se crea un segmento nuevo para el proceso #4024.
[TRACE] 18:48:45:408 MUSE/(4019:4025): se le asigno correctamente memoria dinamica al proceso #4024. La direccion logica es 5
[TRACE] 18:48:45:409 MUSE/(4019:4025): el proceso #4024 solicito el mappeo de 50 bytes del archivo 'stephen.txt' de forma compartida.
[TRACE] 18:48:45:409 MUSE/(4019:4025): se le otorgo la direccion 50 del archivo mappeado a memoria al proceso #4024.
[TRACE] 18:48:45:409 MUSE/(4019:4025): el proceso #4024 solicito copiar 50 a copiar en la direccion #50.
[TRACE] 18:48:45:409 MUSE/(4019:4025): se copio exitosamente 'POR DIOS DONDE SORONGO ROMPEEEEEEE, SINCRO TE ODIO' en la direccion 50 correspondiendo al segmento #1 del proceso #4024.
[TRACE] 18:48:45:409 MUSE/(4019:4025): el proceso #4024 solicito la lectura de 50 bytes de la direccion 50
[TRACE] 18:48:45:409 MUSE/(4019:4025): el proceso #4024 solicito la sincronizacion de 10 bytes al archivo stephen.txt.
[TRACE] 18:48:45:410 MUSE/(4019:4025): el proceso #4024 solicito la liberacion del archivo 'stephen.txt'.
[TRACE] 18:48:45:410 MUSE/(4019:4025): el proceso #4024 solicito la liberacion de la direccion de memoria 5.
[TRACE] 18:48:45:410 MUSE/(4019:4025): se libero correctamente la direccion 5 del proceso #4024
[TRACE] 18:49:14:40 MUSE/(4019:4019): se procede a liberar recursos del sistema.
[TRACE] 18:49:14:40 MUSE/(4019:4019): proceso #4021 solicito el cierre de la libreria.
[INFO] 18:49:14:40 MUSE/(4019:4019): el porcentaje de memoria asignada del proceso #4021 es igual a 1 % .0 Se solicito un total de 30 bytes y se libero un total de 30 bytes. Se obtuvo un total de 0 bytes perdidos. Y la cantidad de memoria disponible del proceso es de -1
[TRACE] 18:49:14:40 MUSE/(4019:4019): proceso #4024 solicito el cierre de la libreria.
[INFO] 18:49:14:40 MUSE/(4019:4019): el porcentaje de memoria asignada del proceso #4024 es igual a 0 % .0 Se solicito un total de 30 bytes y se libero un total de 30 bytes. Se obtuvo un total de 0 bytes perdidos. Y la cantidad de memoria disponible del proceso es de -1
[TRACE] 18:49:14:41 MUSE/(4019:4019): se liberaron correctamente todos los recursos.
[TRACE] 18:52:29:235 MUSE/(3359:3384): proceso #3383 solicito la apertura de la libreria.
[TRACE] 18:52:29:236 MUSE/(3359:3384): se inicializo correctamente la libreria para proceso #3383
[TRACE] 18:52:29:236 MUSE/(3359:3384): el proceso #3383 solicito 30 bytes dinamicos de memoria.
[INFO] 18:52:29:237 MUSE/(3359:3384): el porcentaje de memoria asignada del proceso #3383 es igual a 0 % .0 Se solicito un total de 0 bytes y se libero un total de 0 bytes. Se obtuvo un total de 0 bytes perdidos. Y la cantidad de memoria disponible del proceso es de 0
[TRACE] 18:52:29:237 MUSE/(3359:3384): se crea un segmento nuevo para el proceso #3383.
[TRACE] 18:52:29:237 MUSE/(3359:3384): se le asigno correctamente memoria dinamica al proceso #3383. La direccion logica es 5
[TRACE] 18:52:29:237 MUSE/(3359:3384): el proceso #3383 solicito el mappeo de 277 bytes del archivo 'stephen.txt' de forma compartida.
[TRACE] 18:52:29:238 MUSE/(3359:3384): se le otorgo la direccion 50 del archivo mappeado a memoria al proceso #3383.
[TRACE] 18:52:29:238 MUSE/(3359:3384): el proceso #3383 solicito copiar 21 a copiar en la direccion #5.
[TRACE] 18:52:29:238 MUSE/(3359:3384): se copio exitosamente 'Hola loquui, como va?:29:238' en la direccion 5 correspondiendo al segmento #0 del proceso #3383.
[TRACE] 18:52:29:238 MUSE/(3359:3384): el proceso #3383 solicito la lectura de 10 bytes de la direccion 5
[TRACE] 18:52:29:238 MUSE/(3359:3384): el proceso #3383 solicito copiar 81 a copiar en la direccion #50.
[TRACE] 18:52:29:238 MUSE/(3359:3384): se produce un page fault (pagina #0)
[TRACE] 18:52:29:238 MUSE/(3359:3384): se procede a asignar el marco #1 a la pagina #0
[TRACE] 18:52:29:238 MUSE/(3359:3384): se produce un page fault (pagina #1)
[TRACE] 18:52:29:238 MUSE/(3359:3384): se procede a asignar el marco #2 a la pagina #1
[TRACE] 18:52:29:238 MUSE/(3359:3384): se copio exitosamente 'Habia una vaca re loca y pirada que queria aprobar sistemas operativos y no pudo ' en la direccion 50 correspondiendo al segmento #1 del proceso #3383.
[TRACE] 18:52:29:238 MUSE/(3359:3384): el proceso #3383 solicito la lectura de 81 bytes de la direccion 50
[TRACE] 18:52:29:239 MUSE/(3359:3384): el proceso #3383 solicito la sincronizacion de 10 bytes al archivo stephen.txt.
[TRACE] 18:52:34:448 MUSE/(3359:3384): el proceso #3383 solicito la liberacion de la direccion de memoria 5.
[TRACE] 18:52:34:448 MUSE/(3359:3384): se libero correctamente la direccion 5 del proceso #3383
[TRACE] 18:52:37:215 MUSE/(3359:3394): proceso #3386 solicito la apertura de la libreria.
[TRACE] 18:52:37:216 MUSE/(3359:3394): se inicializo correctamente la libreria para proceso #3386
[TRACE] 18:52:37:217 MUSE/(3359:3394): el proceso #3386 solicito 30 bytes dinamicos de memoria.
[INFO] 18:52:37:218 MUSE/(3359:3394): el porcentaje de memoria asignada del proceso #3386 es igual a 0 % .0 Se solicito un total de 0 bytes y se libero un total de 0 bytes. Se obtuvo un total de 0 bytes perdidos. Y la cantidad de memoria disponible del proceso es de 0
[TRACE] 18:52:37:218 MUSE/(3359:3394): se crea un segmento nuevo para el proceso #3386.
[TRACE] 18:52:37:218 MUSE/(3359:3394): se le asigno correctamente memoria dinamica al proceso #3386. La direccion logica es 5
[TRACE] 18:52:37:218 MUSE/(3359:3394): el proceso #3386 solicito el mappeo de 50 bytes del archivo 'stephen.txt' de forma compartida.
[TRACE] 18:52:37:218 MUSE/(3359:3394): se le otorgo la direccion 50 del archivo mappeado a memoria al proceso #3386.
[TRACE] 18:52:37:218 MUSE/(3359:3394): el proceso #3386 solicito copiar 50 a copiar en la direccion #50.
[TRACE] 18:52:37:218 MUSE/(3359:3394): se copio exitosamente 'POR DIOS DONDE SORONGO ROMPEEEEEEE, SINCRO TE ODIO' en la direccion 50 correspondiendo al segmento #1 del proceso #3386.
[TRACE] 18:52:37:218 MUSE/(3359:3394): el proceso #3386 solicito la lectura de 50 bytes de la direccion 50
[TRACE] 18:52:37:219 MUSE/(3359:3394): el proceso #3386 solicito la sincronizacion de 10 bytes al archivo stephen.txt.
[TRACE] 18:52:37:219 MUSE/(3359:3394): el proceso #3386 solicito la liberacion del archivo 'stephen.txt'.
[TRACE] 18:52:41:523 MUSE/(3359:3394): el proceso #3386 solicito la liberacion de la direccion de memoria 5.
[TRACE] 18:52:58:512 MUSE/(3359:3394): se libero correctamente la direccion 5 del proceso #3386
[TRACE] 18:54:54:728 MUSE/(3986:3998): proceso #3997 solicito la apertura de la libreria.
[TRACE] 18:54:54:728 MUSE/(3986:3998): se inicializo correctamente la libreria para proceso #3997
[TRACE] 18:54:54:728 MUSE/(3986:3998): el proceso #3997 solicito 30 bytes dinamicos de memoria.
[INFO] 18:54:54:728 MUSE/(3986:3998): el porcentaje de memoria asignada del proceso #3997 es igual a 0 % .0 Se solicito un total de 0 bytes y se libero un total de 0 bytes. Se obtuvo un total de 0 bytes perdidos. Y la cantidad de memoria disponible del proceso es de 0
[TRACE] 18:54:54:728 MUSE/(3986:3998): se crea un segmento nuevo para el proceso #3997.
[TRACE] 18:54:54:728 MUSE/(3986:3998): se le asigno correctamente memoria dinamica al proceso #3997. La direccion logica es 5
[TRACE] 18:54:54:729 MUSE/(3986:3998): el proceso #3997 solicito el mappeo de 277 bytes del archivo 'stephen.txt' de forma compartida.
[TRACE] 18:54:54:729 MUSE/(3986:3998): se le otorgo la direccion 50 del archivo mappeado a memoria al proceso #3997.
[TRACE] 18:54:54:729 MUSE/(3986:3998): el proceso #3997 solicito copiar 21 a copiar en la direccion #5.
[TRACE] 18:54:54:730 MUSE/(3986:3998): se copio exitosamente 'Hola loquui, como va?:54:729' en la direccion 5 correspondiendo al segmento #0 del proceso #3997.
[TRACE] 18:54:54:730 MUSE/(3986:3998): el proceso #3997 solicito la lectura de 10 bytes de la direccion 5
[TRACE] 18:54:54:730 MUSE/(3986:3998): el proceso #3997 solicito copiar 81 a copiar en la direccion #50.
[TRACE] 18:54:54:730 MUSE/(3986:3998): se produce un page fault (pagina #0)
[TRACE] 18:54:54:730 MUSE/(3986:3998): se procede a asignar el marco #1 a la pagina #0
[TRACE] 18:54:54:730 MUSE/(3986:3998): se produce un page fault (pagina #1)
[TRACE] 18:54:54:730 MUSE/(3986:3998): se procede a asignar el marco #2 a la pagina #1
[TRACE] 18:54:54:730 MUSE/(3986:3998): se copio exitosamente 'Habia una vaca re loca y pirada que queria aprobar sistemas operativos y no pudo ' en la direccion 50 correspondiendo al segmento #1 del proceso #3997.
[TRACE] 18:54:54:730 MUSE/(3986:3998): el proceso #3997 solicito la lectura de 81 bytes de la direccion 50
[TRACE] 18:54:54:730 MUSE/(3986:3998): el proceso #3997 solicito la sincronizacion de 10 bytes al archivo stephen.txt.
[TRACE] 18:55:07:719 MUSE/(3986:3998): el proceso #3997 solicito la liberacion de la direccion de memoria 5.
[TRACE] 18:55:23:332 MUSE/(3986:3998): se libero correctamente la direccion 5 del proceso #3997
[TRACE] 18:57:21:992 MUSE/(4176:4187): proceso #4186 solicito la apertura de la libreria.
[TRACE] 18:57:22:3 MUSE/(4176:4187): se inicializo correctamente la libreria para proceso #4186
[TRACE] 18:57:22:3 MUSE/(4176:4187): el proceso #4186 solicito 30 bytes dinamicos de memoria.
[INFO] 18:57:22:4 MUSE/(4176:4187): el porcentaje de memoria asignada del proceso #4186 es igual a 0 % .0 Se solicito un total de 0 bytes y se libero un total de 0 bytes. Se obtuvo un total de 0 bytes perdidos. Y la cantidad de memoria disponible del proceso es de 0
[TRACE] 18:57:22:4 MUSE/(4176:4187): se crea un segmento nuevo para el proceso #4186.
[TRACE] 18:57:22:4 MUSE/(4176:4187): se le asigno correctamente memoria dinamica al proceso #4186. La direccion logica es 5
[TRACE] 18:57:22:5 MUSE/(4176:4187): el proceso #4186 solicito el mappeo de 277 bytes del archivo 'stephen.txt' de forma compartida.
[TRACE] 18:57:22:6 MUSE/(4176:4187): se le otorgo la direccion 50 del archivo mappeado a memoria al proceso #4186.
[TRACE] 18:57:22:9 MUSE/(4176:4187): el proceso #4186 solicito copiar 21 a copiar en la direccion #5.
[TRACE] 18:57:22:10 MUSE/(4176:4187): se copio exitosamente 'Hola loquui, como va?ola loq' en la direccion 5 correspondiendo al segmento #0 del proceso #4186.
[TRACE] 18:57:22:11 MUSE/(4176:4187): el proceso #4186 solicito la lectura de 10 bytes de la direccion 5
[TRACE] 18:57:22:11 MUSE/(4176:4187): el proceso #4186 solicito copiar 81 a copiar en la direccion #50.
[TRACE] 18:57:22:11 MUSE/(4176:4187): se produce un page fault (pagina #0)
[TRACE] 18:57:22:11 MUSE/(4176:4187): se procede a asignar el marco #1 a la pagina #0
[TRACE] 18:57:22:11 MUSE/(4176:4187): se produce un page fault (pagina #1)
[TRACE] 18:57:22:11 MUSE/(4176:4187): se procede a asignar el marco #2 a la pagina #1
[TRACE] 18:57:22:13 MUSE/(4176:4187): se copio exitosamente 'Habia una vaca re loca y pirada que queria aprobar sistemas operativos y no pudo ' en la direccion 50 correspondiendo al segmento #1 del proceso #4186.
[TRACE] 18:57:22:13 MUSE/(4176:4187): el proceso #4186 solicito la lectura de 81 bytes de la direccion 50
[TRACE] 18:57:22:13 MUSE/(4176:4187): el proceso #4186 solicito la sincronizacion de 10 bytes al archivo stephen.txt.
[TRACE] 18:57:30:99 MUSE/(4176:4187): el proceso #4186 solicito la liberacion de la direccion de memoria 5.
[TRACE] 18:57:53:293 MUSE/(4176:4187): se libero correctamente la direccion 5 del proceso #4186
[TRACE] 19:01:47:53 MUSE/(4533:4539): proceso #4538 solicito la apertura de la libreria.
[TRACE] 19:01:47:55 MUSE/(4533:4539): se inicializo correctamente la libreria para proceso #4538
[TRACE] 19:01:47:55 MUSE/(4533:4539): el proceso #4538 solicito 30 bytes dinamicos de memoria.
[INFO] 19:01:47:55 MUSE/(4533:4539): el porcentaje de memoria asignada del proceso #4538 es igual a 0 % .0 Se solicito un total de 0 bytes y se libero un total de 0 bytes. Se obtuvo un total de 0 bytes perdidos. Y la cantidad de memoria disponible del proceso es de 0
[TRACE] 19:01:47:55 MUSE/(4533:4539): se crea un segmento nuevo para el proceso #4538.
[TRACE] 19:01:47:55 MUSE/(4533:4539): se le asigno correctamente memoria dinamica al proceso #4538. La direccion logica es 5
[TRACE] 19:01:47:56 MUSE/(4533:4539): el proceso #4538 solicito el mappeo de 277 bytes del archivo 'stephen.txt' de forma compartida.
[TRACE] 19:01:47:63 MUSE/(4533:4539): se le otorgo la direccion 50 del archivo mappeado a memoria al proceso #4538.
[TRACE] 19:01:47:63 MUSE/(4533:4539): el proceso #4538 solicito copiar 21 a copiar en la direccion #5.
[TRACE] 19:01:47:63 MUSE/(4533:4539): se copio exitosamente 'Hola loquui, como va?:47:63' en la direccion 5 correspondiendo al segmento #0 del proceso #4538.
[TRACE] 19:01:47:64 MUSE/(4533:4539): el proceso #4538 solicito la lectura de 10 bytes de la direccion 5
[TRACE] 19:01:47:64 MUSE/(4533:4539): el proceso #4538 solicito copiar 81 a copiar en la direccion #50.
[TRACE] 19:01:47:64 MUSE/(4533:4539): se produce un page fault (pagina #0)
[TRACE] 19:01:47:64 MUSE/(4533:4539): se procede a asignar el marco #1 a la pagina #0
[TRACE] 19:01:47:64 MUSE/(4533:4539): se produce un page fault (pagina #1)
[TRACE] 19:01:47:64 MUSE/(4533:4539): se procede a asignar el marco #2 a la pagina #1
[TRACE] 19:01:47:64 MUSE/(4533:4539): se copio exitosamente 'Habia una vaca re loca y pirada que queria aprobar sistemas operativos y no pudo ' en la direccion 50 correspondiendo al segmento #1 del proceso #4538.
[TRACE] 19:01:47:65 MUSE/(4533:4539): el proceso #4538 solicito la lectura de 81 bytes de la direccion 50
[TRACE] 19:01:47:65 MUSE/(4533:4539): el proceso #4538 solicito la sincronizacion de 10 bytes al archivo stephen.txt.
[TRACE] 19:01:47:66 MUSE/(4533:4539): el proceso #4538 solicito la liberacion de la direccion de memoria 5.
[TRACE] 19:01:47:67 MUSE/(4533:4539): se libero correctamente la direccion 5 del proceso #4538
[TRACE] 19:01:47:67 MUSE/(4533:4539): proceso #4538 solicito el cierre de la libreria.
[INFO] 19:01:47:68 MUSE/(4533:4539): el porcentaje de memoria asignada del proceso #4538 es igual a 1 % .0 Se solicito un total de 30 bytes y se libero un total de 30 bytes. Se obtuvo un total de 0 bytes perdidos. Y la cantidad de memoria disponible del proceso es de 0
[TRACE] 19:01:48:793 MUSE/(4533:4543): proceso #4542 solicito la apertura de la libreria.
[TRACE] 19:01:48:793 MUSE/(4533:4543): se inicializo correctamente la libreria para proceso #4542
[TRACE] 19:01:48:794 MUSE/(4533:4543): el proceso #4542 solicito 30 bytes dinamicos de memoria.
[INFO] 19:01:48:794 MUSE/(4533:4543): el porcentaje de memoria asignada del proceso #4542 es igual a 0 % .0 Se solicito un total de 0 bytes y se libero un total de 0 bytes. Se obtuvo un total de 0 bytes perdidos. Y la cantidad de memoria disponible del proceso es de 0
[TRACE] 19:01:48:794 MUSE/(4533:4543): se crea un segmento nuevo para el proceso #4542.
[TRACE] 19:01:48:794 MUSE/(4533:4543): se le asigno correctamente memoria dinamica al proceso #4542. La direccion logica es 5
[TRACE] 19:01:48:794 MUSE/(4533:4543): el proceso #4542 solicito el mappeo de 50 bytes del archivo 'stephen.txt' de forma compartida.
[TRACE] 19:01:48:794 MUSE/(4533:4543): se le otorgo la direccion 50 del archivo mappeado a memoria al proceso #4542.
[TRACE] 19:01:48:794 MUSE/(4533:4543): el proceso #4542 solicito copiar 50 a copiar en la direccion #50.
[TRACE] 19:01:48:794 MUSE/(4533:4543): se produce un page fault (pagina #0)
[TRACE] 19:01:48:795 MUSE/(4533:4543): se procede a asignar el marco #1 a la pagina #0
[TRACE] 19:01:48:795 MUSE/(4533:4543): se copio exitosamente 'POR DIOS DONDE SORONGO ROMPEEEEEEE, SINCRO TE ODIO' en la direccion 50 correspondiendo al segmento #1 del proceso #4542.
[TRACE] 19:01:48:795 MUSE/(4533:4543): el proceso #4542 solicito la lectura de 50 bytes de la direccion 50
[TRACE] 19:01:48:795 MUSE/(4533:4543): el proceso #4542 solicito la sincronizacion de 10 bytes al archivo stephen.txt.
[TRACE] 19:01:48:795 MUSE/(4533:4543): el proceso #4542 solicito la liberacion del archivo 'stephen.txt'.
[TRACE] 19:01:48:795 MUSE/(4533:4543): el proceso #4542 solicito la liberacion de la direccion de memoria 5.
[TRACE] 19:01:48:795 MUSE/(4533:4543): se libero correctamente la direccion 5 del proceso #4542
[TRACE] 19:01:53:798 MUSE/(4533:4543): proceso #4542 solicito el cierre de la libreria.
[INFO] 19:01:53:798 MUSE/(4533:4543): el porcentaje de memoria asignada del proceso #4542 es igual a 0 % .0 Se solicito un total de 30 bytes y se libero un total de 30 bytes. Se obtuvo un total de 0 bytes perdidos. Y la cantidad de memoria disponible del proceso es de 0
