[INFO] 12:24:31:142 suse.c/(2978:3140): Finalizo el hilo 1 del socket 5
[INFO] 12:24:31:142 suse.c/(2978:3140): Grado actual de multiprogramacion: 3
[INFO] 12:24:31:142 suse.c/(2978:3140): Valor del semaforo afinado: 0
[INFO] 12:24:31:142 suse.c/(2978:3140): Valor del semaforo solo_hiper_mega_piola: 1
[INFO] 12:24:31:142 suse.c/(2978:3140): Socket 5:
[INFO] 12:24:31:142 suse.c/(2978:3140): Hilos en cola NEW: 0
[INFO] 12:24:31:143 suse.c/(2978:3140): Hilos en cola READY: 3
[INFO] 12:24:31:143 suse.c/(2978:3140): Hilos en cola BLOCKED: 1
[INFO] 12:24:31:143 suse.c/(2978:3140): Hilos en cola RUN: 0
[INFO] 12:24:31:143 suse.c/(2978:3140): Hilos en cola EXIT: 1


[INFO] 12:24:31:143 suse.c/(2978:3140): 
Hilo 1: 
Tiempo de ejecucion: 10064.000000 
Tiempo de espera: 7.000000 
Tiempo de uso de CPU: 10057.000000 
Porcentaje tiempo de ejecucion: 0.200000
[INFO] 12:24:31:143 suse.c/(2978:3140): 
Hilo 2: 
Tiempo de ejecucion: 10064.000000 
Tiempo de espera: 0.000000 
Tiempo de uso de CPU: 0.000000 
Porcentaje tiempo de ejecucion: 0.200000
[INFO] 12:24:31:143 suse.c/(2978:3140): 
Hilo 3: 
Tiempo de ejecucion: 10064.000000 
Tiempo de espera: 0.000000 
Tiempo de uso de CPU: 0.000000 
Porcentaje tiempo de ejecucion: 0.200000
[INFO] 12:24:31:143 suse.c/(2978:3140): 
Hilo 4: 
Tiempo de ejecucion: 10064.000000 
Tiempo de espera: 9957.000000 
Tiempo de uso de CPU: 6.000000 
Porcentaje tiempo de ejecucion: 0.200000
[INFO] 12:24:31:143 suse.c/(2978:3140): 
Hilo 0: 
Tiempo de ejecucion: 10064.000000 
Tiempo de espera: 0.000000 
Tiempo de uso de CPU: 0.000000 
Porcentaje tiempo de ejecucion: 0.200000



[INFO] 12:24:31:960 suse.c/(2978:3140): Finalizo el hilo 4 del socket 5
[INFO] 12:24:31:960 suse.c/(2978:3140): Grado actual de multiprogramacion: 2
[INFO] 12:24:31:960 suse.c/(2978:3140): Valor del semaforo afinado: 0
[INFO] 12:24:31:960 suse.c/(2978:3140): Valor del semaforo solo_hiper_mega_piola: 1
[INFO] 12:24:31:960 suse.c/(2978:3140): Socket 5:
[INFO] 12:24:31:961 suse.c/(2978:3140): Hilos en cola NEW: 0
[INFO] 12:24:31:961 suse.c/(2978:3140): Hilos en cola READY: 2
[INFO] 12:24:31:961 suse.c/(2978:3140): Hilos en cola BLOCKED: 1
[INFO] 12:24:31:961 suse.c/(2978:3140): Hilos en cola RUN: 0
[INFO] 12:24:31:961 suse.c/(2978:3140): Hilos en cola EXIT: 2


[INFO] 12:24:31:964 suse.c/(2978:3140): 
Hilo 1: 
Tiempo de ejecucion: 10882.000000 
Tiempo de espera: 7.000000 
Tiempo de uso de CPU: 10057.000000 
Porcentaje tiempo de ejecucion: 0.200000
[INFO] 12:24:31:964 suse.c/(2978:3140): 
Hilo 4: 
Tiempo de ejecucion: 10882.000000 
Tiempo de espera: 10475.000000 
Tiempo de uso de CPU: 400.000000 
Porcentaje tiempo de ejecucion: 0.200000
[INFO] 12:24:31:964 suse.c/(2978:3140): 
Hilo 3: 
Tiempo de ejecucion: 10882.000000 
Tiempo de espera: 0.000000 
Tiempo de uso de CPU: 0.000000 
Porcentaje tiempo de ejecucion: 0.200000
[INFO] 12:24:31:965 suse.c/(2978:3140): 
Hilo 2: 
Tiempo de ejecucion: 10882.000000 
Tiempo de espera: 10489.000000 
Tiempo de uso de CPU: 387.000000 
Porcentaje tiempo de ejecucion: 0.200000
[INFO] 12:24:31:965 suse.c/(2978:3140): 
Hilo 0: 
Tiempo de ejecucion: 10882.000000 
Tiempo de espera: 0.000000 
Tiempo de uso de CPU: 0.000000 
Porcentaje tiempo de ejecucion: 0.200000



[INFO] 12:24:31:973 suse.c/(2978:3140): Finalizo el hilo 2 del socket 5
[INFO] 12:24:31:973 suse.c/(2978:3140): Grado actual de multiprogramacion: 1
[INFO] 12:24:31:973 suse.c/(2978:3140): Valor del semaforo afinado: 0
[INFO] 12:24:31:973 suse.c/(2978:3140): Valor del semaforo solo_hiper_mega_piola: 1
[INFO] 12:24:31:973 suse.c/(2978:3140): Socket 5:
[INFO] 12:24:31:973 suse.c/(2978:3140): Hilos en cola NEW: 0
[INFO] 12:24:31:973 suse.c/(2978:3140): Hilos en cola READY: 1
[INFO] 12:24:31:973 suse.c/(2978:3140): Hilos en cola BLOCKED: 1
[INFO] 12:24:31:973 suse.c/(2978:3140): Hilos en cola RUN: 0
[INFO] 12:24:31:973 suse.c/(2978:3140): Hilos en cola EXIT: 3


[INFO] 12:24:31:973 suse.c/(2978:3140): 
Hilo 1: 
Tiempo de ejecucion: 10894.000000 
Tiempo de espera: 7.000000 
Tiempo de uso de CPU: 10057.000000 
Porcentaje tiempo de ejecucion: 0.200000
[INFO] 12:24:31:974 suse.c/(2978:3140): 
Hilo 4: 
Tiempo de ejecucion: 10894.000000 
Tiempo de espera: 10475.000000 
Tiempo de uso de CPU: 400.000000 
Porcentaje tiempo de ejecucion: 0.200000
[INFO] 12:24:31:974 suse.c/(2978:3140): 
Hilo 2: 
Tiempo de ejecucion: 10894.000000 
Tiempo de espera: 10500.000000 
Tiempo de uso de CPU: 388.000000 
Porcentaje tiempo de ejecucion: 0.200000
[INFO] 12:24:31:974 suse.c/(2978:3140): 
Hilo 3: 
Tiempo de ejecucion: 10894.000000 
Tiempo de espera: 10888.000000 
Tiempo de uso de CPU: 6.000000 
Porcentaje tiempo de ejecucion: 0.200000
[INFO] 12:24:31:975 suse.c/(2978:3140): 
Hilo 0: 
Tiempo de ejecucion: 10894.000000 
Tiempo de espera: 0.000000 
Tiempo de uso de CPU: 0.000000 
Porcentaje tiempo de ejecucion: 0.200000



[INFO] 12:24:32:393 suse.c/(2978:3140): Finalizo el hilo 3 del socket 5
[INFO] 12:24:32:393 suse.c/(2978:3140): Grado actual de multiprogramacion: 0
[INFO] 12:24:32:393 suse.c/(2978:3140): Valor del semaforo afinado: 0
[INFO] 12:24:32:393 suse.c/(2978:3140): Valor del semaforo solo_hiper_mega_piola: 1
[INFO] 12:24:32:393 suse.c/(2978:3140): Socket 5:
[INFO] 12:24:32:393 suse.c/(2978:3140): Hilos en cola NEW: 0
[INFO] 12:24:32:393 suse.c/(2978:3140): Hilos en cola READY: 0
[INFO] 12:24:32:393 suse.c/(2978:3140): Hilos en cola BLOCKED: 1
[INFO] 12:24:32:393 suse.c/(2978:3140): Hilos en cola RUN: 0
[INFO] 12:24:32:393 suse.c/(2978:3140): Hilos en cola EXIT: 4


[INFO] 12:24:32:393 suse.c/(2978:3140): 
Hilo 1: 
Tiempo de ejecucion: 11314.000000 
Tiempo de espera: 7.000000 
Tiempo de uso de CPU: 10057.000000 
Porcentaje tiempo de ejecucion: 0.200000
[INFO] 12:24:32:394 suse.c/(2978:3140): 
Hilo 4: 
Tiempo de ejecucion: 11314.000000 
Tiempo de espera: 10475.000000 
Tiempo de uso de CPU: 400.000000 
Porcentaje tiempo de ejecucion: 0.200000
[INFO] 12:24:32:394 suse.c/(2978:3140): 
Hilo 2: 
Tiempo de ejecucion: 11314.000000 
Tiempo de espera: 10500.000000 
Tiempo de uso de CPU: 388.000000 
Porcentaje tiempo de ejecucion: 0.200000
[INFO] 12:24:32:394 suse.c/(2978:3140): 
Hilo 3: 
Tiempo de ejecucion: 11314.000000 
Tiempo de espera: 10930.000000 
Tiempo de uso de CPU: 384.000000 
Porcentaje tiempo de ejecucion: 0.200000
[INFO] 12:24:32:395 suse.c/(2978:3140): 
Hilo 0: 
Tiempo de ejecucion: 11314.000000 
Tiempo de espera: 3.000000 
Tiempo de uso de CPU: 0.000000 
Porcentaje tiempo de ejecucion: 0.200000



[INFO] 12:24:45:71 suse.c/(2978:2978): Timer log 
[INFO] 12:24:45:71 suse.c/(2978:2978): Grado actual de multiprogramacion: 0
[INFO] 12:24:45:71 suse.c/(2978:2978): Valor del semaforo afinado: 0
[INFO] 12:24:45:71 suse.c/(2978:2978): Valor del semaforo solo_hiper_mega_piola: 1
[INFO] 12:24:45:71 suse.c/(2978:2978): Socket 5:
[INFO] 12:24:45:71 suse.c/(2978:2978): Hilos en cola NEW: 0
[INFO] 12:24:45:71 suse.c/(2978:2978): Hilos en cola READY: 0
[INFO] 12:24:45:71 suse.c/(2978:2978): Hilos en cola BLOCKED: 0
[INFO] 12:24:45:71 suse.c/(2978:2978): Hilos en cola RUN: 0
[INFO] 12:24:45:71 suse.c/(2978:2978): Hilos en cola EXIT: 5


[INFO] 12:24:45:71 suse.c/(2978:2978): 
Hilo 1: 
Tiempo de ejecucion: 23992.000000 
Tiempo de espera: 7.000000 
Tiempo de uso de CPU: 10057.000000 
Porcentaje tiempo de ejecucion: 0.200000
[INFO] 12:24:45:71 suse.c/(2978:2978): 
Hilo 4: 
Tiempo de ejecucion: 23992.000000 
Tiempo de espera: 10475.000000 
Tiempo de uso de CPU: 400.000000 
Porcentaje tiempo de ejecucion: 0.200000
[INFO] 12:24:45:71 suse.c/(2978:2978): 
Hilo 2: 
Tiempo de ejecucion: 23992.000000 
Tiempo de espera: 10500.000000 
Tiempo de uso de CPU: 388.000000 
Porcentaje tiempo de ejecucion: 0.200000
[INFO] 12:24:45:71 suse.c/(2978:2978): 
Hilo 3: 
Tiempo de ejecucion: 23992.000000 
Tiempo de espera: 10930.000000 
Tiempo de uso de CPU: 384.000000 
Porcentaje tiempo de ejecucion: 0.200000
[INFO] 12:24:45:71 suse.c/(2978:2978): 
Hilo 0: 
Tiempo de ejecucion: 23992.000000 
Tiempo de espera: 4.000000 
Tiempo de uso de CPU: 80.000000 
Porcentaje tiempo de ejecucion: 0.200000
[INFO] 12:25:57:739 suse.c/(3235:3238): Finalizo el hilo 1 del socket 5
[INFO] 12:25:57:739 suse.c/(3235:3238): Grado actual de multiprogramacion: 3
[INFO] 12:25:57:739 suse.c/(3235:3238): Valor del semaforo afinado: 0
[INFO] 12:25:57:739 suse.c/(3235:3238): Valor del semaforo solo_hiper_mega_piola: 1
[INFO] 12:25:57:739 suse.c/(3235:3238): Socket 5:
[INFO] 12:25:57:739 suse.c/(3235:3238): Hilos en cola NEW: 0
[INFO] 12:25:57:739 suse.c/(3235:3238): Hilos en cola READY: 3
[INFO] 12:25:57:739 suse.c/(3235:3238): Hilos en cola BLOCKED: 1
[INFO] 12:25:57:739 suse.c/(3235:3238): Hilos en cola RUN: 0
[INFO] 12:25:57:739 suse.c/(3235:3238): Hilos en cola EXIT: 1


[INFO] 12:25:57:739 suse.c/(3235:3238): 
Hilo 1: 
Tiempo de ejecucion: 10053.000000 
Tiempo de espera: 9.000000 
Tiempo de uso de CPU: 10044.000000 
Porcentaje tiempo de ejecucion: 0.200000
[INFO] 12:25:57:739 suse.c/(3235:3238): 
Hilo 2: 
Tiempo de ejecucion: 10053.000000 
Tiempo de espera: 0.000000 
Tiempo de uso de CPU: 0.000000 
Porcentaje tiempo de ejecucion: 0.200000
[INFO] 12:25:57:739 suse.c/(3235:3238): 
Hilo 3: 
Tiempo de ejecucion: 10053.000000 
Tiempo de espera: 0.000000 
Tiempo de uso de CPU: 0.000000 
Porcentaje tiempo de ejecucion: 0.200000
[INFO] 12:25:57:739 suse.c/(3235:3238): 
Hilo 4: 
Tiempo de ejecucion: 10053.000000 
Tiempo de espera: 9948.000000 
Tiempo de uso de CPU: 5.000000 
Porcentaje tiempo de ejecucion: 0.200000
[INFO] 12:25:57:739 suse.c/(3235:3238): 
Hilo 0: 
Tiempo de ejecucion: 10053.000000 
Tiempo de espera: 0.000000 
Tiempo de uso de CPU: 0.000000 
Porcentaje tiempo de ejecucion: 0.200000



[INFO] 12:25:58:568 suse.c/(3235:3238): Finalizo el hilo 4 del socket 5
[INFO] 12:25:58:568 suse.c/(3235:3238): Grado actual de multiprogramacion: 2
[INFO] 12:25:58:568 suse.c/(3235:3238): Valor del semaforo afinado: 0
[INFO] 12:25:58:569 suse.c/(3235:3238): Valor del semaforo solo_hiper_mega_piola: 1
[INFO] 12:25:58:569 suse.c/(3235:3238): Socket 5:
[INFO] 12:25:58:569 suse.c/(3235:3238): Hilos en cola NEW: 0
[INFO] 12:25:58:569 suse.c/(3235:3238): Hilos en cola READY: 2
[INFO] 12:25:58:569 suse.c/(3235:3238): Hilos en cola BLOCKED: 1
[INFO] 12:25:58:569 suse.c/(3235:3238): Hilos en cola RUN: 0
[INFO] 12:25:58:569 suse.c/(3235:3238): Hilos en cola EXIT: 2


[INFO] 12:25:58:569 suse.c/(3235:3238): 
Hilo 1: 
Tiempo de ejecucion: 10883.000000 
Tiempo de espera: 9.000000 
Tiempo de uso de CPU: 10044.000000 
Porcentaje tiempo de ejecucion: 0.200000
[INFO] 12:25:58:569 suse.c/(3235:3238): 
Hilo 4: 
Tiempo de ejecucion: 10883.000000 
Tiempo de espera: 10463.000000 
Tiempo de uso de CPU: 408.000000 
Porcentaje tiempo de ejecucion: 0.200000
[INFO] 12:25:58:570 suse.c/(3235:3238): 
Hilo 3: 
Tiempo de ejecucion: 10883.000000 
Tiempo de espera: 0.000000 
Tiempo de uso de CPU: 0.000000 
Porcentaje tiempo de ejecucion: 0.200000
[INFO] 12:25:58:570 suse.c/(3235:3238): 
Hilo 2: 
Tiempo de ejecucion: 10883.000000 
Tiempo de espera: 10492.000000 
Tiempo de uso de CPU: 378.000000 
Porcentaje tiempo de ejecucion: 0.200000
[INFO] 12:25:58:570 suse.c/(3235:3238): 
Hilo 0: 
Tiempo de ejecucion: 10883.000000 
Tiempo de espera: 0.000000 
Tiempo de uso de CPU: 0.000000 
Porcentaje tiempo de ejecucion: 0.200000



[INFO] 12:25:58:589 suse.c/(3235:3238): Finalizo el hilo 2 del socket 5
[INFO] 12:25:58:589 suse.c/(3235:3238): Grado actual de multiprogramacion: 1
[INFO] 12:25:58:589 suse.c/(3235:3238): Valor del semaforo afinado: 0
[INFO] 12:25:58:589 suse.c/(3235:3238): Valor del semaforo solo_hiper_mega_piola: 1
[INFO] 12:25:58:589 suse.c/(3235:3238): Socket 5:
[INFO] 12:25:58:589 suse.c/(3235:3238): Hilos en cola NEW: 0
[INFO] 12:25:58:589 suse.c/(3235:3238): Hilos en cola READY: 1
[INFO] 12:25:58:589 suse.c/(3235:3238): Hilos en cola BLOCKED: 1
[INFO] 12:25:58:589 suse.c/(3235:3238): Hilos en cola RUN: 0
[INFO] 12:25:58:590 suse.c/(3235:3238): Hilos en cola EXIT: 3


[INFO] 12:25:58:590 suse.c/(3235:3238): 
Hilo 1: 
Tiempo de ejecucion: 10904.000000 
Tiempo de espera: 9.000000 
Tiempo de uso de CPU: 10044.000000 
Porcentaje tiempo de ejecucion: 0.200000
[INFO] 12:25:58:590 suse.c/(3235:3238): 
Hilo 4: 
Tiempo de ejecucion: 10904.000000 
Tiempo de espera: 10463.000000 
Tiempo de uso de CPU: 408.000000 
Porcentaje tiempo de ejecucion: 0.200000
[INFO] 12:25:58:590 suse.c/(3235:3238): 
Hilo 2: 
Tiempo de ejecucion: 10904.000000 
Tiempo de espera: 10496.000000 
Tiempo de uso de CPU: 394.000000 
Porcentaje tiempo de ejecucion: 0.200000
[INFO] 12:25:58:590 suse.c/(3235:3238): 
Hilo 3: 
Tiempo de ejecucion: 10904.000000 
Tiempo de espera: 10901.000000 
Tiempo de uso de CPU: 2.000000 
Porcentaje tiempo de ejecucion: 0.200000
[INFO] 12:25:58:591 suse.c/(3235:3238): 
Hilo 0: 
Tiempo de ejecucion: 10904.000000 
Tiempo de espera: 0.000000 
Tiempo de uso de CPU: 0.000000 
Porcentaje tiempo de ejecucion: 0.200000



[INFO] 12:25:58:0 suse.c/(3235:3238): Finalizo el hilo 3 del socket 5
[INFO] 12:25:58:1 suse.c/(3235:3238): Grado actual de multiprogramacion: 0
[INFO] 12:25:58:1 suse.c/(3235:3238): Valor del semaforo afinado: 0
[INFO] 12:25:58:1 suse.c/(3235:3238): Valor del semaforo solo_hiper_mega_piola: 1
[INFO] 12:25:58:1 suse.c/(3235:3238): Socket 5:
[INFO] 12:25:58:1 suse.c/(3235:3238): Hilos en cola NEW: 0
[INFO] 12:25:58:1 suse.c/(3235:3238): Hilos en cola READY: 0
[INFO] 12:25:58:1 suse.c/(3235:3238): Hilos en cola BLOCKED: 1
[INFO] 12:25:58:1 suse.c/(3235:3238): Hilos en cola RUN: 0
[INFO] 12:25:58:1 suse.c/(3235:3238): Hilos en cola EXIT: 4


[INFO] 12:25:58:1 suse.c/(3235:3238): 
Hilo 1: 
Tiempo de ejecucion: 11315.000000 
Tiempo de espera: 9.000000 
Tiempo de uso de CPU: 10044.000000 
Porcentaje tiempo de ejecucion: 0.200000
[INFO] 12:25:58:2 suse.c/(3235:3238): 
Hilo 4: 
Tiempo de ejecucion: 11315.000000 
Tiempo de espera: 10463.000000 
Tiempo de uso de CPU: 408.000000 
Porcentaje tiempo de ejecucion: 0.200000
[INFO] 12:25:58:2 suse.c/(3235:3238): 
Hilo 2: 
Tiempo de ejecucion: 11315.000000 
Tiempo de espera: 10496.000000 
Tiempo de uso de CPU: 394.000000 
Porcentaje tiempo de ejecucion: 0.200000
[INFO] 12:25:58:2 suse.c/(3235:3238): 
Hilo 3: 
Tiempo de ejecucion: 11315.000000 
Tiempo de espera: 10942.000000 
Tiempo de uso de CPU: 373.000000 
Porcentaje tiempo de ejecucion: 0.200000
[INFO] 12:25:58:2 suse.c/(3235:3238): 
Hilo 0: 
Tiempo de ejecucion: 11315.000000 
Tiempo de espera: 5.000000 
Tiempo de uso de CPU: 0.000000 
Porcentaje tiempo de ejecucion: 0.200000



[INFO] 12:28:25:346 suse.c/(3339:3342): Finalizo el hilo 1 del socket 5
[INFO] 12:28:25:346 suse.c/(3339:3342): Grado actual de multiprogramacion: 3
[INFO] 12:28:25:346 suse.c/(3339:3342): Valor del semaforo afinado: 0
[INFO] 12:28:25:346 suse.c/(3339:3342): Valor del semaforo solo_hiper_mega_piola: 1
[INFO] 12:28:25:346 suse.c/(3339:3342): Socket 5:
[INFO] 12:28:25:346 suse.c/(3339:3342): Hilos en cola NEW: 0
[INFO] 12:28:25:346 suse.c/(3339:3342): Hilos en cola READY: 3
[INFO] 12:28:25:346 suse.c/(3339:3342): Hilos en cola BLOCKED: 1
[INFO] 12:28:25:346 suse.c/(3339:3342): Hilos en cola RUN: 0
[INFO] 12:28:25:346 suse.c/(3339:3342): Hilos en cola EXIT: 1


[INFO] 12:28:25:346 suse.c/(3339:3342): 
Hilo 1: 
Tiempo de ejecucion: 10051.000000 
Tiempo de espera: 14.000000 
Tiempo de uso de CPU: 10036.000000 
Porcentaje tiempo de ejecucion: 0.200000
[INFO] 12:28:25:346 suse.c/(3339:3342): 
Hilo 2: 
Tiempo de ejecucion: 10051.000000 
Tiempo de espera: 0.000000 
Tiempo de uso de CPU: 0.000000 
Porcentaje tiempo de ejecucion: 0.200000
[INFO] 12:28:25:346 suse.c/(3339:3342): 
Hilo 3: 
Tiempo de ejecucion: 10051.000000 
Tiempo de espera: 0.000000 
Tiempo de uso de CPU: 0.000000 
Porcentaje tiempo de ejecucion: 0.200000
[INFO] 12:28:25:347 suse.c/(3339:3342): 
Hilo 4: 
Tiempo de ejecucion: 10051.000000 
Tiempo de espera: 9938.000000 
Tiempo de uso de CPU: 12.000000 
Porcentaje tiempo de ejecucion: 0.200000
[INFO] 12:28:25:347 suse.c/(3339:3342): 
Hilo 0: 
Tiempo de ejecucion: 10051.000000 
Tiempo de espera: 0.000000 
Tiempo de uso de CPU: 0.000000 
Porcentaje tiempo de ejecucion: 0.200000



[INFO] 12:28:26:171 suse.c/(3339:3342): Finalizo el hilo 4 del socket 5
[INFO] 12:28:26:171 suse.c/(3339:3342): Grado actual de multiprogramacion: 2
[INFO] 12:28:26:172 suse.c/(3339:3342): Valor del semaforo afinado: 0
[INFO] 12:28:26:172 suse.c/(3339:3342): Valor del semaforo solo_hiper_mega_piola: 1
[INFO] 12:28:26:172 suse.c/(3339:3342): Socket 5:
[INFO] 12:28:26:172 suse.c/(3339:3342): Hilos en cola NEW: 0
[INFO] 12:28:26:172 suse.c/(3339:3342): Hilos en cola READY: 2
[INFO] 12:28:26:172 suse.c/(3339:3342): Hilos en cola BLOCKED: 1
[INFO] 12:28:26:172 suse.c/(3339:3342): Hilos en cola RUN: 0
[INFO] 12:28:26:172 suse.c/(3339:3342): Hilos en cola EXIT: 2


[INFO] 12:28:26:172 suse.c/(3339:3342): 
Hilo 1: 
Tiempo de ejecucion: 10876.000000 
Tiempo de espera: 14.000000 
Tiempo de uso de CPU: 10036.000000 
Porcentaje tiempo de ejecucion: 0.200000
[INFO] 12:28:26:173 suse.c/(3339:3342): 
Hilo 4: 
Tiempo de ejecucion: 10876.000000 
Tiempo de espera: 10476.000000 
Tiempo de uso de CPU: 387.000000 
Porcentaje tiempo de ejecucion: 0.200000
[INFO] 12:28:26:173 suse.c/(3339:3342): 
Hilo 3: 
Tiempo de ejecucion: 10876.000000 
Tiempo de espera: 0.000000 
Tiempo de uso de CPU: 0.000000 
Porcentaje tiempo de ejecucion: 0.200000
[INFO] 12:28:26:173 suse.c/(3339:3342): 
Hilo 2: 
Tiempo de ejecucion: 10876.000000 
Tiempo de espera: 10455.000000 
Tiempo de uso de CPU: 409.000000 
Porcentaje tiempo de ejecucion: 0.200000
[INFO] 12:28:26:173 suse.c/(3339:3342): 
Hilo 0: 
Tiempo de ejecucion: 10876.000000 
Tiempo de espera: 0.000000 
Tiempo de uso de CPU: 0.000000 
Porcentaje tiempo de ejecucion: 0.200000



[INFO] 12:28:26:184 suse.c/(3339:3342): Finalizo el hilo 2 del socket 5
[INFO] 12:28:26:184 suse.c/(3339:3342): Grado actual de multiprogramacion: 1
[INFO] 12:28:26:184 suse.c/(3339:3342): Valor del semaforo afinado: 0
[INFO] 12:28:26:184 suse.c/(3339:3342): Valor del semaforo solo_hiper_mega_piola: 1
[INFO] 12:28:26:184 suse.c/(3339:3342): Socket 5:
[INFO] 12:28:26:185 suse.c/(3339:3342): Hilos en cola NEW: 0
[INFO] 12:28:26:185 suse.c/(3339:3342): Hilos en cola READY: 1
[INFO] 12:28:26:185 suse.c/(3339:3342): Hilos en cola BLOCKED: 1
[INFO] 12:28:26:185 suse.c/(3339:3342): Hilos en cola RUN: 0
[INFO] 12:28:26:185 suse.c/(3339:3342): Hilos en cola EXIT: 3


[INFO] 12:28:26:185 suse.c/(3339:3342): 
Hilo 1: 
Tiempo de ejecucion: 10889.000000 
Tiempo de espera: 14.000000 
Tiempo de uso de CPU: 10036.000000 
Porcentaje tiempo de ejecucion: 0.200000
[INFO] 12:28:26:185 suse.c/(3339:3342): 
Hilo 4: 
Tiempo de ejecucion: 10889.000000 
Tiempo de espera: 10476.000000 
Tiempo de uso de CPU: 387.000000 
Porcentaje tiempo de ejecucion: 0.200000
[INFO] 12:28:26:185 suse.c/(3339:3342): 
Hilo 2: 
Tiempo de ejecucion: 10889.000000 
Tiempo de espera: 10466.000000 
Tiempo de uso de CPU: 411.000000 
Porcentaje tiempo de ejecucion: 0.200000
[INFO] 12:28:26:185 suse.c/(3339:3342): 
Hilo 3: 
Tiempo de ejecucion: 10889.000000 
Tiempo de espera: 10880.000000 
Tiempo de uso de CPU: 9.000000 
Porcentaje tiempo de ejecucion: 0.200000
[INFO] 12:28:26:185 suse.c/(3339:3342): 
Hilo 0: 
Tiempo de ejecucion: 10889.000000 
Tiempo de espera: 0.000000 
Tiempo de uso de CPU: 0.000000 
Porcentaje tiempo de ejecucion: 0.200000



[INFO] 12:28:26:618 suse.c/(3339:3342): Finalizo el hilo 3 del socket 5
[INFO] 12:28:26:618 suse.c/(3339:3342): Grado actual de multiprogramacion: 0
[INFO] 12:28:26:618 suse.c/(3339:3342): Valor del semaforo afinado: 0
[INFO] 12:28:26:618 suse.c/(3339:3342): Valor del semaforo solo_hiper_mega_piola: 1
[INFO] 12:28:26:619 suse.c/(3339:3342): Socket 5:
[INFO] 12:28:26:619 suse.c/(3339:3342): Hilos en cola NEW: 0
[INFO] 12:28:26:619 suse.c/(3339:3342): Hilos en cola READY: 0
[INFO] 12:28:26:619 suse.c/(3339:3342): Hilos en cola BLOCKED: 1
[INFO] 12:28:26:619 suse.c/(3339:3342): Hilos en cola RUN: 0
[INFO] 12:28:26:619 suse.c/(3339:3342): Hilos en cola EXIT: 4


[INFO] 12:28:26:619 suse.c/(3339:3342): 
Hilo 1: 
Tiempo de ejecucion: 11323.000000 
Tiempo de espera: 14.000000 
Tiempo de uso de CPU: 10036.000000 
Porcentaje tiempo de ejecucion: 0.200000
[INFO] 12:28:26:619 suse.c/(3339:3342): 
Hilo 4: 
Tiempo de ejecucion: 11323.000000 
Tiempo de espera: 10476.000000 
Tiempo de uso de CPU: 387.000000 
Porcentaje tiempo de ejecucion: 0.200000
[INFO] 12:28:26:619 suse.c/(3339:3342): 
Hilo 2: 
Tiempo de ejecucion: 11323.000000 
Tiempo de espera: 10466.000000 
Tiempo de uso de CPU: 411.000000 
Porcentaje tiempo de ejecucion: 0.200000
[INFO] 12:28:26:619 suse.c/(3339:3342): 
Hilo 3: 
Tiempo de ejecucion: 11323.000000 
Tiempo de espera: 10922.000000 
Tiempo de uso de CPU: 401.000000 
Porcentaje tiempo de ejecucion: 0.200000
[INFO] 12:28:26:619 suse.c/(3339:3342): 
Hilo 0: 
Tiempo de ejecucion: 11323.000000 
Tiempo de espera: 2.000000 
Tiempo de uso de CPU: 0.000000 
Porcentaje tiempo de ejecucion: 0.200000



