[TRACE] 18:17:50:966 MUSE/(5221:5226): proceso #5225 solicito la apertura de la libreria.
[TRACE] 18:17:50:980 MUSE/(5221:5226): se inicializo correctamente la libreria para proceso #5225
[TRACE] 18:17:50:980 MUSE/(5221:5226): el proceso #5225 solicito 7 bytes dinamicos de memoria.
[INFO] 18:17:50:981 MUSE/(5221:5226): el porcentaje de memoria asignada del proceso #5225 es igual a 0 % .0 Se solicito un total de 0 bytes y se libero un total de 0 bytes. Se obtuvo un total de 0 bytes perdidos. Y la cantidad de memoria disponible del proceso es de 0
[TRACE] 18:17:50:981 MUSE/(5221:5226): se crea un segmento nuevo para el proceso #5225.
[TRACE] 18:17:50:982 MUSE/(5221:5226): se le asigno correctamente memoria dinamica al proceso #5225. La direccion logica es 5
[TRACE] 18:17:50:982 MUSE/(5221:5226): el proceso #5225 solicito copiar 7 a copiar en la direccion #5.
[TRACE] 18:17:51:4 MUSE/(5221:5226): se copio exitosamente 'Oh si
' en la direccion 5 correspondiendo al segmento #0 del proceso #5225.
[TRACE] 18:17:51:5 MUSE/(5221:5226): el proceso #5225 solicito 32 bytes dinamicos de memoria.
[INFO] 18:17:51:5 MUSE/(5221:5226): el porcentaje de memoria asignada del proceso #5225 es igual a 1 % .0 Se solicito un total de 7 bytes y se libero un total de 0 bytes. Se obtuvo un total de 7 bytes perdidos. Y la cantidad de memoria disponible del proceso es de 33
[TRACE] 18:17:51:5 MUSE/(5221:5226): se procede a asignar memoria del segmento nro #0 del proceso #5225.
[TRACE] 18:17:51:6 MUSE/(5221:5226): se le asigno correctamente memoria dinamica al proceso #5225. La direccion logica es 17
[TRACE] 18:17:51:6 MUSE/(5221:5226): el proceso #5225 solicito copiar 32 a copiar en la direccion #17.
[TRACE] 18:17:51:9 MUSE/(5221:5226): se copio exitosamente 'un Archivo de swap supermasivo
' en la direccion 17 correspondiendo al segmento #0 del proceso #5225.
[TRACE] 18:17:51:9 MUSE/(5221:5226): el proceso #5225 solicito 7 bytes dinamicos de memoria.
[INFO] 18:17:51:9 MUSE/(5221:5226): el porcentaje de memoria asignada del proceso #5225 es igual a 1 % .0 Se solicito un total de 39 bytes y se libero un total de 0 bytes. Se obtuvo un total de 39 bytes perdidos. Y la cantidad de memoria disponible del proceso es de 0
[TRACE] 18:17:51:9 MUSE/(5221:5226): se procede a extender el segmento nro #0 del proceso #5225.
[TRACE] 18:17:51:10 MUSE/(5221:5226): se le asigno correctamente memoria dinamica al proceso #5225. La direccion logica es 54
[TRACE] 18:17:51:10 MUSE/(5221:5226): el proceso #5225 solicito copiar 7 a copiar en la direccion #54.
[TRACE] 18:17:51:10 MUSE/(5221:5226): se copio exitosamente 'Oh si
' en la direccion 54 correspondiendo al segmento #0 del proceso #5225.
[TRACE] 18:17:51:10 MUSE/(5221:5226): el proceso #5225 solicito 32 bytes dinamicos de memoria.
[INFO] 18:17:51:10 MUSE/(5221:5226): el porcentaje de memoria asignada del proceso #5225 es igual a 1 % .0 Se solicito un total de 46 bytes y se libero un total de 0 bytes. Se obtuvo un total de 46 bytes perdidos. Y la cantidad de memoria disponible del proceso es de 33
[TRACE] 18:17:51:11 MUSE/(5221:5226): se procede a asignar memoria del segmento nro #0 del proceso #5225.
[TRACE] 18:17:51:11 MUSE/(5221:5226): se le asigno correctamente memoria dinamica al proceso #5225. La direccion logica es 66
[TRACE] 18:17:51:11 MUSE/(5221:5226): el proceso #5225 solicito copiar 32 a copiar en la direccion #66.
[TRACE] 18:17:51:11 MUSE/(5221:5226): se copio exitosamente 'un Archivo de swap supermasivo
' en la direccion 66 correspondiendo al segmento #0 del proceso #5225.
[TRACE] 18:17:51:11 MUSE/(5221:5226): el proceso #5225 solicito 7 bytes dinamicos de memoria.
[INFO] 18:17:51:12 MUSE/(5221:5226): el porcentaje de memoria asignada del proceso #5225 es igual a 1 % .0 Se solicito un total de 78 bytes y se libero un total de 0 bytes. Se obtuvo un total de 78 bytes perdidos. Y la cantidad de memoria disponible del proceso es de 0
[TRACE] 18:17:51:12 MUSE/(5221:5226): se procede a extender el segmento nro #0 del proceso #5225.
[TRACE] 18:17:51:12 MUSE/(5221:5226): se produce un page fault (pagina #2)
[TRACE] 18:17:51:12 MUSE/(5221:5226): se comienza a ejecutar el algoritmo clock modificado.
[TRACE] 18:17:51:12 MUSE/(5221:5226): se eligio como victima la pagina #0 cuyo frame es #0.
[TRACE] 18:17:51:12 MUSE/(5221:5226): se swapea la pagina #2 con la pagina #0
[TRACE] 18:17:51:13 MUSE/(5221:5226): se le asigno correctamente memoria dinamica al proceso #5225. La direccion logica es 103
[TRACE] 18:17:51:13 MUSE/(5221:5226): el proceso #5225 solicito copiar 7 a copiar en la direccion #103.
[TRACE] 18:17:51:13 MUSE/(5221:5226): se copio exitosamente 'Oh si
' en la direccion 103 correspondiendo al segmento #0 del proceso #5225.
[TRACE] 18:17:51:14 MUSE/(5221:5226): el proceso #5225 solicito 32 bytes dinamicos de memoria.
[INFO] 18:17:51:14 MUSE/(5221:5226): el porcentaje de memoria asignada del proceso #5225 es igual a 1 % .0 Se solicito un total de 85 bytes y se libero un total de 0 bytes. Se obtuvo un total de 85 bytes perdidos. Y la cantidad de memoria disponible del proceso es de 33
[TRACE] 18:17:51:14 MUSE/(5221:5226): se procede a asignar memoria del segmento nro #0 del proceso #5225.
[TRACE] 18:17:51:14 MUSE/(5221:5226): se le asigno correctamente memoria dinamica al proceso #5225. La direccion logica es 115
[TRACE] 18:17:51:14 MUSE/(5221:5226): el proceso #5225 solicito copiar 32 a copiar en la direccion #115.
[TRACE] 18:17:51:15 MUSE/(5221:5226): se copio exitosamente 'un Archivo de swap supermasivo
' en la direccion 115 correspondiendo al segmento #0 del proceso #5225.
[TRACE] 18:17:51:15 MUSE/(5221:5226): el proceso #5225 solicito 7 bytes dinamicos de memoria.
[INFO] 18:17:51:15 MUSE/(5221:5226): el porcentaje de memoria asignada del proceso #5225 es igual a 1 % .0 Se solicito un total de 117 bytes y se libero un total de 0 bytes. Se obtuvo un total de 117 bytes perdidos. Y la cantidad de memoria disponible del proceso es de 0
[TRACE] 18:17:51:15 MUSE/(5221:5226): se procede a extender el segmento nro #0 del proceso #5225.
[TRACE] 18:17:51:15 MUSE/(5221:5226): se produce un page fault (pagina #3)
[TRACE] 18:17:51:15 MUSE/(5221:5226): se comienza a ejecutar el algoritmo clock modificado.
[TRACE] 18:17:51:15 MUSE/(5221:5226): se eligio como victima la pagina #1 cuyo frame es #1.
[TRACE] 18:17:51:15 MUSE/(5221:5226): se swapea la pagina #3 con la pagina #1
[TRACE] 18:17:51:15 MUSE/(5221:5226): se le asigno correctamente memoria dinamica al proceso #5225. La direccion logica es 152
[TRACE] 18:17:51:15 MUSE/(5221:5226): el proceso #5225 solicito copiar 7 a copiar en la direccion #152.
[TRACE] 18:17:51:15 MUSE/(5221:5226): se copio exitosamente 'Oh si
' en la direccion 152 correspondiendo al segmento #0 del proceso #5225.
[TRACE] 18:17:51:15 MUSE/(5221:5226): el proceso #5225 solicito 32 bytes dinamicos de memoria.
[INFO] 18:17:51:15 MUSE/(5221:5226): el porcentaje de memoria asignada del proceso #5225 es igual a 1 % .0 Se solicito un total de 124 bytes y se libero un total de 0 bytes. Se obtuvo un total de 124 bytes perdidos. Y la cantidad de memoria disponible del proceso es de 33
[TRACE] 18:17:51:15 MUSE/(5221:5226): se procede a asignar memoria del segmento nro #0 del proceso #5225.
[TRACE] 18:17:51:15 MUSE/(5221:5226): se le asigno correctamente memoria dinamica al proceso #5225. La direccion logica es 164
[TRACE] 18:17:51:16 MUSE/(5221:5226): el proceso #5225 solicito copiar 32 a copiar en la direccion #164.
[TRACE] 18:17:51:16 MUSE/(5221:5226): se copio exitosamente 'un Archivo de swap supermasivo
' en la direccion 164 correspondiendo al segmento #0 del proceso #5225.
[TRACE] 18:17:51:16 MUSE/(5221:5226): el proceso #5225 solicito 7 bytes dinamicos de memoria.
[INFO] 18:17:51:16 MUSE/(5221:5226): el porcentaje de memoria asignada del proceso #5225 es igual a 1 % .0 Se solicito un total de 156 bytes y se libero un total de 0 bytes. Se obtuvo un total de 156 bytes perdidos. Y la cantidad de memoria disponible del proceso es de 0
[TRACE] 18:17:51:16 MUSE/(5221:5226): se procede a extender el segmento nro #0 del proceso #5225.
[TRACE] 18:17:51:16 MUSE/(5221:5226): se produce un page fault (pagina #4)
[TRACE] 18:17:51:16 MUSE/(5221:5226): se comienza a ejecutar el algoritmo clock modificado.
[TRACE] 18:17:51:16 MUSE/(5221:5226): se eligio como victima la pagina #2 cuyo frame es #0.
[TRACE] 18:17:51:16 MUSE/(5221:5226): se swapea la pagina #4 con la pagina #2
[TRACE] 18:17:51:16 MUSE/(5221:5226): se le asigno correctamente memoria dinamica al proceso #5225. La direccion logica es 201
[TRACE] 18:17:51:17 MUSE/(5221:5226): el proceso #5225 solicito copiar 7 a copiar en la direccion #201.
[TRACE] 18:17:51:17 MUSE/(5221:5226): se copio exitosamente 'Oh si
' en la direccion 201 correspondiendo al segmento #0 del proceso #5225.
[TRACE] 18:17:51:17 MUSE/(5221:5226): el proceso #5225 solicito 23 bytes dinamicos de memoria.
[INFO] 18:17:51:17 MUSE/(5221:5226): el porcentaje de memoria asignada del proceso #5225 es igual a 1 % .0 Se solicito un total de 163 bytes y se libero un total de 0 bytes. Se obtuvo un total de 163 bytes perdidos. Y la cantidad de memoria disponible del proceso es de 33
[TRACE] 18:17:51:17 MUSE/(5221:5226): se procede a asignar memoria del segmento nro #0 del proceso #5225.
[TRACE] 18:17:51:17 MUSE/(5221:5226): se le asigno correctamente memoria dinamica al proceso #5225. La direccion logica es 213
[TRACE] 18:17:51:17 MUSE/(5221:5226): el proceso #5225 solicito copiar 23 a copiar en la direccion #213.
[TRACE] 18:17:51:17 MUSE/(5221:5226): se copio exitosamente 'Y mis cilindros rotar
' en la direccion 213 correspondiendo al segmento #0 del proceso #5225.
[TRACE] 18:17:51:17 MUSE/(5221:5226): el proceso #5225 solicito 26 bytes dinamicos de memoria.
[INFO] 18:17:51:18 MUSE/(5221:5226): el porcentaje de memoria asignada del proceso #5225 es igual a 1 % .0 Se solicito un total de 186 bytes y se libero un total de 0 bytes. Se obtuvo un total de 186 bytes perdidos. Y la cantidad de memoria disponible del proceso es de 5
[TRACE] 18:17:51:18 MUSE/(5221:5226): se procede a extender el segmento nro #0 del proceso #5225.
[TRACE] 18:17:51:18 MUSE/(5221:5226): se produce un page fault (pagina #5)
[TRACE] 18:17:51:18 MUSE/(5221:5226): se comienza a ejecutar el algoritmo clock modificado.
[TRACE] 18:17:51:18 MUSE/(5221:5226): se eligio como victima la pagina #3 cuyo frame es #1.
[TRACE] 18:17:51:20 MUSE/(5221:5226): se swapea la pagina #5 con la pagina #3
[TRACE] 18:17:51:20 MUSE/(5221:5226): se le asigno correctamente memoria dinamica al proceso #5225. La direccion logica es 241
[TRACE] 18:17:51:20 MUSE/(5221:5226): el proceso #5225 solicito copiar 26 a copiar en la direccion #241.
[TRACE] 18:17:51:21 MUSE/(5221:5226): se copio exitosamente 'Uh, haces mi motor andar
' en la direccion 241 correspondiendo al segmento #0 del proceso #5225.
[TRACE] 18:17:51:21 MUSE/(5221:5226): el proceso #5225 solicito 26 bytes dinamicos de memoria.
[INFO] 18:17:51:21 MUSE/(5221:5226): el porcentaje de memoria asignada del proceso #5225 es igual a 1 % .0 Se solicito un total de 212 bytes y se libero un total de 0 bytes. Se obtuvo un total de 212 bytes perdidos. Y la cantidad de memoria disponible del proceso es de 24
[TRACE] 18:17:51:21 MUSE/(5221:5226): se procede a extender el segmento nro #0 del proceso #5225.
[TRACE] 18:17:51:21 MUSE/(5221:5226): se produce un page fault (pagina #6)
[TRACE] 18:17:51:21 MUSE/(5221:5226): se comienza a ejecutar el algoritmo clock modificado.
[TRACE] 18:17:51:21 MUSE/(5221:5226): se eligio como victima la pagina #4 cuyo frame es #0.
[TRACE] 18:17:51:21 MUSE/(5221:5226): se swapea la pagina #6 con la pagina #4
[TRACE] 18:17:51:21 MUSE/(5221:5226): se le asigno correctamente memoria dinamica al proceso #5225. La direccion logica es 272
[TRACE] 18:17:51:21 MUSE/(5221:5226): el proceso #5225 solicito copiar 26 a copiar en la direccion #272.
[TRACE] 18:17:51:21 MUSE/(5221:5226): se copio exitosamente 'Uh, haces mi motor andar
' en la direccion 272 correspondiendo al segmento #0 del proceso #5225.
[TRACE] 18:17:51:21 MUSE/(5221:5226): el proceso #5225 solicito 31 bytes dinamicos de memoria.
[INFO] 18:17:51:21 MUSE/(5221:5226): el porcentaje de memoria asignada del proceso #5225 es igual a 1 % .0 Se solicito un total de 238 bytes y se libero un total de 0 bytes. Se obtuvo un total de 238 bytes perdidos. Y la cantidad de memoria disponible del proceso es de 43
[TRACE] 18:17:51:22 MUSE/(5221:5226): se procede a asignar memoria del segmento nro #0 del proceso #5225.
[TRACE] 18:17:51:22 MUSE/(5221:5226): se le asigno correctamente memoria dinamica al proceso #5225. La direccion logica es 303
[TRACE] 18:17:51:22 MUSE/(5221:5226): el proceso #5225 solicito copiar 31 a copiar en la direccion #303.
[TRACE] 18:17:51:22 MUSE/(5221:5226): se copio exitosamente 'Cuanto tiempo hasta hallarte?
' en la direccion 303 correspondiendo al segmento #0 del proceso #5225.
[TRACE] 18:17:51:22 MUSE/(5221:5226): el proceso #5225 solicito 29 bytes dinamicos de memoria.
[INFO] 18:17:51:22 MUSE/(5221:5226): el porcentaje de memoria asignada del proceso #5225 es igual a 1 % .0 Se solicito un total de 269 bytes y se libero un total de 0 bytes. Se obtuvo un total de 269 bytes perdidos. Y la cantidad de memoria disponible del proceso es de 7
[TRACE] 18:17:51:22 MUSE/(5221:5226): se procede a extender el segmento nro #0 del proceso #5225.
[TRACE] 18:17:51:22 MUSE/(5221:5226): se produce un page fault (pagina #7)
[TRACE] 18:17:51:22 MUSE/(5221:5226): se comienza a ejecutar el algoritmo clock modificado.
[TRACE] 18:17:51:22 MUSE/(5221:5226): se eligio como victima la pagina #5 cuyo frame es #1.
[TRACE] 18:17:51:22 MUSE/(5221:5226): se swapea la pagina #7 con la pagina #5
[TRACE] 18:17:51:22 MUSE/(5221:5226): se le asigno correctamente memoria dinamica al proceso #5225. La direccion logica es 339
[TRACE] 18:17:51:23 MUSE/(5221:5226): el proceso #5225 solicito copiar 29 a copiar en la direccion #339.
[TRACE] 18:17:51:23 MUSE/(5221:5226): se copio exitosamente 'No escuchas mi plato girar?
' en la direccion 339 correspondiendo al segmento #0 del proceso #5225.
[TRACE] 18:17:51:23 MUSE/(5221:5226): el proceso #5225 solicito 21 bytes dinamicos de memoria.
[INFO] 18:17:51:23 MUSE/(5221:5226): el porcentaje de memoria asignada del proceso #5225 es igual a 1 % .0 Se solicito un total de 298 bytes y se libero un total de 0 bytes. Se obtuvo un total de 298 bytes perdidos. Y la cantidad de memoria disponible del proceso es de 23
[TRACE] 18:17:51:23 MUSE/(5221:5226): se procede a asignar memoria del segmento nro #0 del proceso #5225.
[TRACE] 18:17:51:23 MUSE/(5221:5226): se le asigno correctamente memoria dinamica al proceso #5225. La direccion logica es 373
[TRACE] 18:17:51:24 MUSE/(5221:5226): el proceso #5225 solicito copiar 21 a copiar en la direccion #373.
[TRACE] 18:17:51:24 MUSE/(5221:5226): se copio exitosamente 'No sabes que sufro?
' en la direccion 373 correspondiendo al segmento #0 del proceso #5225.
[TRACE] 18:17:51:24 MUSE/(5221:5226): el proceso #5225 solicito la lectura de 21 bytes de la direccion 373
[TRACE] 18:17:51:24 MUSE/(5221:5226): el proceso #5225 solicito la liberacion de la direccion de memoria 373.
[TRACE] 18:17:51:24 MUSE/(5221:5226): se libero correctamente la direccion 373 del proceso #5225
[TRACE] 18:17:52:25 MUSE/(5221:5226): el proceso #5225 solicito la lectura de 29 bytes de la direccion 339
[TRACE] 18:17:52:25 MUSE/(5221:5226): el proceso #5225 solicito la liberacion de la direccion de memoria 339.
[TRACE] 18:17:52:25 MUSE/(5221:5226): se libero correctamente la direccion 339 del proceso #5225
[TRACE] 18:17:53:26 MUSE/(5221:5226): el proceso #5225 solicito la lectura de 31 bytes de la direccion 303
[TRACE] 18:17:53:26 MUSE/(5221:5226): el proceso #5225 solicito la liberacion de la direccion de memoria 303.
[TRACE] 18:17:53:27 MUSE/(5221:5226): se produce un page fault (pagina #5)
[TRACE] 18:17:53:27 MUSE/(5221:5226): se procede a asignar el marco #1 a la pagina #5
[TRACE] 18:17:53:27 MUSE/(5221:5226): se libero correctamente la direccion 303 del proceso #5225
[TRACE] 18:17:54:28 MUSE/(5221:5226): el proceso #5225 solicito la lectura de 26 bytes de la direccion 272
[TRACE] 18:17:54:28 MUSE/(5221:5226): el proceso #5225 solicito la liberacion de la direccion de memoria 272.
[TRACE] 18:17:54:28 MUSE/(5221:5226): se libero correctamente la direccion 272 del proceso #5225
[TRACE] 18:17:55:29 MUSE/(5221:5226): el proceso #5225 solicito la lectura de 26 bytes de la direccion 241
[TRACE] 18:17:55:29 MUSE/(5221:5226): se produce un page fault (pagina #4)
[TRACE] 18:17:55:30 MUSE/(5221:5226): se procede a asignar el marco #0 a la pagina #4
[TRACE] 18:17:55:31 MUSE/(5221:5226): el proceso #5225 solicito la liberacion de la direccion de memoria 241.
[TRACE] 18:17:55:31 MUSE/(5221:5226): se libero correctamente la direccion 241 del proceso #5225
[TRACE] 18:17:56:31 MUSE/(5221:5226): el proceso #5225 solicito la lectura de 23 bytes de la direccion 213
[TRACE] 18:17:56:32 MUSE/(5221:5226): el proceso #5225 solicito la liberacion de la direccion de memoria 213.
[TRACE] 18:17:56:32 MUSE/(5221:5226): se libero correctamente la direccion 213 del proceso #5225
[TRACE] 18:17:57:33 MUSE/(5221:5226): el proceso #5225 solicito la lectura de 7 bytes de la direccion 201
[TRACE] 18:17:57:33 MUSE/(5221:5226): el proceso #5225 solicito la liberacion de la direccion de memoria 201.
[TRACE] 18:17:57:33 MUSE/(5221:5226): se produce un page fault (pagina #3)
[TRACE] 18:17:57:33 MUSE/(5221:5226): se procede a asignar el marco #1 a la pagina #3
[TRACE] 18:17:57:34 MUSE/(5221:5226): se libero correctamente la direccion 201 del proceso #5225
[TRACE] 18:17:58:34 MUSE/(5221:5226): el proceso #5225 solicito la lectura de 32 bytes de la direccion 164
[TRACE] 18:17:58:35 MUSE/(5221:5226): el proceso #5225 solicito la liberacion de la direccion de memoria 164.
[TRACE] 18:17:58:35 MUSE/(5221:5226): se libero correctamente la direccion 164 del proceso #5225
[TRACE] 18:17:59:35 MUSE/(5221:5226): el proceso #5225 solicito la lectura de 7 bytes de la direccion 152
[TRACE] 18:17:59:36 MUSE/(5221:5226): el proceso #5225 solicito la liberacion de la direccion de memoria 152.
[TRACE] 18:17:59:36 MUSE/(5221:5226): se produce un page fault (pagina #2)
[TRACE] 18:17:59:36 MUSE/(5221:5226): se procede a asignar el marco #0 a la pagina #2
[TRACE] 18:17:59:36 MUSE/(5221:5226): se libero correctamente la direccion 152 del proceso #5225
[TRACE] 18:18:00:36 MUSE/(5221:5226): el proceso #5225 solicito la lectura de 32 bytes de la direccion 115
[TRACE] 18:18:00:37 MUSE/(5221:5226): el proceso #5225 solicito la liberacion de la direccion de memoria 115.
[TRACE] 18:18:00:37 MUSE/(5221:5226): se libero correctamente la direccion 115 del proceso #5225
[TRACE] 18:18:01:38 MUSE/(5221:5226): el proceso #5225 solicito la lectura de 7 bytes de la direccion 103
[TRACE] 18:18:01:39 MUSE/(5221:5226): el proceso #5225 solicito la liberacion de la direccion de memoria 103.
[TRACE] 18:18:01:39 MUSE/(5221:5226): se produce un page fault (pagina #1)
[TRACE] 18:18:01:39 MUSE/(5221:5226): se procede a asignar el marco #1 a la pagina #1
[TRACE] 18:18:01:39 MUSE/(5221:5226): se libero correctamente la direccion 103 del proceso #5225
[TRACE] 18:18:02:40 MUSE/(5221:5226): el proceso #5225 solicito la lectura de 32 bytes de la direccion 66
[TRACE] 18:18:02:41 MUSE/(5221:5226): el proceso #5225 solicito la liberacion de la direccion de memoria 66.
[TRACE] 18:18:02:41 MUSE/(5221:5226): se libero correctamente la direccion 66 del proceso #5225
[TRACE] 18:18:03:42 MUSE/(5221:5226): el proceso #5225 solicito la lectura de 7 bytes de la direccion 54
[TRACE] 18:18:03:42 MUSE/(5221:5226): el proceso #5225 solicito la liberacion de la direccion de memoria 54.
[TRACE] 18:18:03:43 MUSE/(5221:5226): se produce un page fault (pagina #0)
[TRACE] 18:18:03:43 MUSE/(5221:5226): se procede a asignar el marco #0 a la pagina #0
[TRACE] 18:18:03:43 MUSE/(5221:5226): se libero correctamente la direccion 54 del proceso #5225
[TRACE] 18:18:04:43 MUSE/(5221:5226): el proceso #5225 solicito la lectura de 32 bytes de la direccion 17
[TRACE] 18:18:04:43 MUSE/(5221:5226): el proceso #5225 solicito la liberacion de la direccion de memoria 17.
[TRACE] 18:18:04:44 MUSE/(5221:5226): se libero correctamente la direccion 17 del proceso #5225
[TRACE] 18:18:05:44 MUSE/(5221:5226): el proceso #5225 solicito la lectura de 7 bytes de la direccion 5
[TRACE] 18:18:05:45 MUSE/(5221:5226): el proceso #5225 solicito la liberacion de la direccion de memoria 5.
[TRACE] 18:18:05:45 MUSE/(5221:5226): se libero correctamente la direccion 5 del proceso #5225
[TRACE] 18:18:06:45 MUSE/(5221:5226): proceso #5225 solicito el cierre de la libreria.
[INFO] 18:18:06:46 MUSE/(5221:5226): el porcentaje de memoria asignada del proceso #5225 es igual a 0 % .0 Se solicito un total de 319 bytes y se libero un total de 7 bytes. Se obtuvo un total de 312 bytes perdidos. Y la cantidad de memoria disponible del proceso es de 0
[TRACE] 18:18:57:24 MUSE/(5221:5221): se procede a liberar recursos del sistema.
[TRACE] 18:18:57:24 MUSE/(5221:5221): se liberaron correctamente todos los recursos.
[TRACE] 18:19:11:902 MUSE/(5277:5280): proceso #5279 solicito la apertura de la libreria.
[TRACE] 18:19:11:914 MUSE/(5277:5280): se inicializo correctamente la libreria para proceso #5279
[TRACE] 18:19:11:914 MUSE/(5277:5280): el proceso #5279 solicito 7 bytes dinamicos de memoria.
[INFO] 18:19:11:915 MUSE/(5277:5280): el porcentaje de memoria asignada del proceso #5279 es igual a 0 % .0 Se solicito un total de 0 bytes y se libero un total de 0 bytes. Se obtuvo un total de 0 bytes perdidos. Y la cantidad de memoria disponible del proceso es de 0
[TRACE] 18:19:11:915 MUSE/(5277:5280): se crea un segmento nuevo para el proceso #5279.
[TRACE] 18:19:11:916 MUSE/(5277:5280): se le asigno correctamente memoria dinamica al proceso #5279. La direccion logica es 5
[TRACE] 18:19:11:916 MUSE/(5277:5280): el proceso #5279 solicito copiar 7 a copiar en la direccion #5.
[TRACE] 18:19:11:916 MUSE/(5277:5280): se copio exitosamente 'Oh si
' en la direccion 5 correspondiendo al segmento #0 del proceso #5279.
[TRACE] 18:19:11:916 MUSE/(5277:5280): el proceso #5279 solicito 32 bytes dinamicos de memoria.
[INFO] 18:19:11:916 MUSE/(5277:5280): el porcentaje de memoria asignada del proceso #5279 es igual a 1 % .0 Se solicito un total de 7 bytes y se libero un total de 0 bytes. Se obtuvo un total de 7 bytes perdidos. Y la cantidad de memoria disponible del proceso es de 33
[TRACE] 18:19:11:916 MUSE/(5277:5280): se procede a asignar memoria del segmento nro #0 del proceso #5279.
[TRACE] 18:19:11:916 MUSE/(5277:5280): se le asigno correctamente memoria dinamica al proceso #5279. La direccion logica es 17
[TRACE] 18:19:11:917 MUSE/(5277:5280): el proceso #5279 solicito copiar 32 a copiar en la direccion #17.
[TRACE] 18:19:11:917 MUSE/(5277:5280): se copio exitosamente 'un Archivo de swap supermasivo
' en la direccion 17 correspondiendo al segmento #0 del proceso #5279.
[TRACE] 18:19:11:917 MUSE/(5277:5280): el proceso #5279 solicito 7 bytes dinamicos de memoria.
[INFO] 18:19:11:917 MUSE/(5277:5280): el porcentaje de memoria asignada del proceso #5279 es igual a 1 % .0 Se solicito un total de 39 bytes y se libero un total de 0 bytes. Se obtuvo un total de 39 bytes perdidos. Y la cantidad de memoria disponible del proceso es de 0
[TRACE] 18:19:11:917 MUSE/(5277:5280): se procede a extender el segmento nro #0 del proceso #5279.
[TRACE] 18:19:11:917 MUSE/(5277:5280): se le asigno correctamente memoria dinamica al proceso #5279. La direccion logica es 54
[TRACE] 18:19:11:917 MUSE/(5277:5280): el proceso #5279 solicito copiar 7 a copiar en la direccion #54.
[TRACE] 18:19:11:917 MUSE/(5277:5280): se copio exitosamente 'Oh si
' en la direccion 54 correspondiendo al segmento #0 del proceso #5279.
[TRACE] 18:19:11:917 MUSE/(5277:5280): el proceso #5279 solicito 32 bytes dinamicos de memoria.
[INFO] 18:19:11:917 MUSE/(5277:5280): el porcentaje de memoria asignada del proceso #5279 es igual a 1 % .0 Se solicito un total de 46 bytes y se libero un total de 0 bytes. Se obtuvo un total de 46 bytes perdidos. Y la cantidad de memoria disponible del proceso es de 33
[TRACE] 18:19:11:918 MUSE/(5277:5280): se procede a asignar memoria del segmento nro #0 del proceso #5279.
[TRACE] 18:19:11:918 MUSE/(5277:5280): se le asigno correctamente memoria dinamica al proceso #5279. La direccion logica es 66
[TRACE] 18:19:11:918 MUSE/(5277:5280): el proceso #5279 solicito copiar 32 a copiar en la direccion #66.
[TRACE] 18:19:11:918 MUSE/(5277:5280): se copio exitosamente 'un Archivo de swap supermasivo
' en la direccion 66 correspondiendo al segmento #0 del proceso #5279.
[TRACE] 18:19:11:918 MUSE/(5277:5280): el proceso #5279 solicito 7 bytes dinamicos de memoria.
[INFO] 18:19:11:918 MUSE/(5277:5280): el porcentaje de memoria asignada del proceso #5279 es igual a 1 % .0 Se solicito un total de 78 bytes y se libero un total de 0 bytes. Se obtuvo un total de 78 bytes perdidos. Y la cantidad de memoria disponible del proceso es de 0
[TRACE] 18:19:11:918 MUSE/(5277:5280): se procede a extender el segmento nro #0 del proceso #5279.
[TRACE] 18:19:11:918 MUSE/(5277:5280): se produce un page fault (pagina #2)
[TRACE] 18:19:11:918 MUSE/(5277:5280): se comienza a ejecutar el algoritmo clock modificado.
[TRACE] 18:19:11:918 MUSE/(5277:5280): se eligio como victima la pagina #0 cuyo frame es #0.
[TRACE] 18:19:11:918 MUSE/(5277:5280): se swapea la pagina #2 con la pagina #0
[TRACE] 18:19:11:918 MUSE/(5277:5280): se le asigno correctamente memoria dinamica al proceso #5279. La direccion logica es 103
[TRACE] 18:19:11:918 MUSE/(5277:5280): el proceso #5279 solicito copiar 7 a copiar en la direccion #103.
[TRACE] 18:19:11:918 MUSE/(5277:5280): se copio exitosamente 'Oh si
' en la direccion 103 correspondiendo al segmento #0 del proceso #5279.
[TRACE] 18:19:11:918 MUSE/(5277:5280): el proceso #5279 solicito 32 bytes dinamicos de memoria.
[INFO] 18:19:11:918 MUSE/(5277:5280): el porcentaje de memoria asignada del proceso #5279 es igual a 1 % .0 Se solicito un total de 85 bytes y se libero un total de 0 bytes. Se obtuvo un total de 85 bytes perdidos. Y la cantidad de memoria disponible del proceso es de 33
[TRACE] 18:19:11:918 MUSE/(5277:5280): se procede a asignar memoria del segmento nro #0 del proceso #5279.
[TRACE] 18:19:11:918 MUSE/(5277:5280): se le asigno correctamente memoria dinamica al proceso #5279. La direccion logica es 115
[TRACE] 18:19:11:918 MUSE/(5277:5280): el proceso #5279 solicito copiar 32 a copiar en la direccion #115.
[TRACE] 18:19:11:919 MUSE/(5277:5280): se copio exitosamente 'un Archivo de swap supermasivo
' en la direccion 115 correspondiendo al segmento #0 del proceso #5279.
[TRACE] 18:19:11:919 MUSE/(5277:5280): el proceso #5279 solicito 7 bytes dinamicos de memoria.
[INFO] 18:19:11:919 MUSE/(5277:5280): el porcentaje de memoria asignada del proceso #5279 es igual a 1 % .0 Se solicito un total de 117 bytes y se libero un total de 0 bytes. Se obtuvo un total de 117 bytes perdidos. Y la cantidad de memoria disponible del proceso es de 0
[TRACE] 18:19:11:919 MUSE/(5277:5280): se procede a extender el segmento nro #0 del proceso #5279.
[TRACE] 18:19:11:919 MUSE/(5277:5280): se produce un page fault (pagina #3)
[TRACE] 18:19:11:919 MUSE/(5277:5280): se comienza a ejecutar el algoritmo clock modificado.
[TRACE] 18:19:11:919 MUSE/(5277:5280): se eligio como victima la pagina #1 cuyo frame es #1.
[TRACE] 18:19:11:919 MUSE/(5277:5280): se swapea la pagina #3 con la pagina #1
[TRACE] 18:19:11:919 MUSE/(5277:5280): se le asigno correctamente memoria dinamica al proceso #5279. La direccion logica es 152
[TRACE] 18:19:11:919 MUSE/(5277:5280): el proceso #5279 solicito copiar 7 a copiar en la direccion #152.
[TRACE] 18:19:11:919 MUSE/(5277:5280): se copio exitosamente 'Oh si
' en la direccion 152 correspondiendo al segmento #0 del proceso #5279.
[TRACE] 18:19:11:919 MUSE/(5277:5280): el proceso #5279 solicito 32 bytes dinamicos de memoria.
[INFO] 18:19:11:919 MUSE/(5277:5280): el porcentaje de memoria asignada del proceso #5279 es igual a 1 % .0 Se solicito un total de 124 bytes y se libero un total de 0 bytes. Se obtuvo un total de 124 bytes perdidos. Y la cantidad de memoria disponible del proceso es de 33
[TRACE] 18:19:11:919 MUSE/(5277:5280): se procede a asignar memoria del segmento nro #0 del proceso #5279.
[TRACE] 18:19:11:919 MUSE/(5277:5280): se le asigno correctamente memoria dinamica al proceso #5279. La direccion logica es 164
[TRACE] 18:19:11:919 MUSE/(5277:5280): el proceso #5279 solicito copiar 32 a copiar en la direccion #164.
[TRACE] 18:19:11:919 MUSE/(5277:5280): se copio exitosamente 'un Archivo de swap supermasivo
' en la direccion 164 correspondiendo al segmento #0 del proceso #5279.
[TRACE] 18:19:11:919 MUSE/(5277:5280): el proceso #5279 solicito 7 bytes dinamicos de memoria.
[INFO] 18:19:11:919 MUSE/(5277:5280): el porcentaje de memoria asignada del proceso #5279 es igual a 1 % .0 Se solicito un total de 156 bytes y se libero un total de 0 bytes. Se obtuvo un total de 156 bytes perdidos. Y la cantidad de memoria disponible del proceso es de 0
[TRACE] 18:19:11:919 MUSE/(5277:5280): se procede a extender el segmento nro #0 del proceso #5279.
[TRACE] 18:19:11:919 MUSE/(5277:5280): se produce un page fault (pagina #4)
[TRACE] 18:19:11:919 MUSE/(5277:5280): se comienza a ejecutar el algoritmo clock modificado.
[TRACE] 18:19:11:919 MUSE/(5277:5280): se eligio como victima la pagina #2 cuyo frame es #0.
[TRACE] 18:19:11:919 MUSE/(5277:5280): se swapea la pagina #4 con la pagina #2
[TRACE] 18:19:11:919 MUSE/(5277:5280): se le asigno correctamente memoria dinamica al proceso #5279. La direccion logica es 201
[TRACE] 18:19:11:929 MUSE/(5277:5280): el proceso #5279 solicito copiar 7 a copiar en la direccion #201.
[TRACE] 18:19:11:935 MUSE/(5277:5280): se copio exitosamente 'Oh si
' en la direccion 201 correspondiendo al segmento #0 del proceso #5279.
[TRACE] 18:19:11:935 MUSE/(5277:5280): el proceso #5279 solicito 23 bytes dinamicos de memoria.
[INFO] 18:19:11:938 MUSE/(5277:5280): el porcentaje de memoria asignada del proceso #5279 es igual a 1 % .0 Se solicito un total de 163 bytes y se libero un total de 0 bytes. Se obtuvo un total de 163 bytes perdidos. Y la cantidad de memoria disponible del proceso es de 33
[TRACE] 18:19:11:938 MUSE/(5277:5280): se procede a asignar memoria del segmento nro #0 del proceso #5279.
[TRACE] 18:19:11:939 MUSE/(5277:5280): se le asigno correctamente memoria dinamica al proceso #5279. La direccion logica es 213
[TRACE] 18:19:11:939 MUSE/(5277:5280): el proceso #5279 solicito copiar 23 a copiar en la direccion #213.
[TRACE] 18:19:11:939 MUSE/(5277:5280): se copio exitosamente 'Y mis cilindros rotar
' en la direccion 213 correspondiendo al segmento #0 del proceso #5279.
[TRACE] 18:19:11:940 MUSE/(5277:5280): el proceso #5279 solicito 26 bytes dinamicos de memoria.
[INFO] 18:19:11:940 MUSE/(5277:5280): el porcentaje de memoria asignada del proceso #5279 es igual a 1 % .0 Se solicito un total de 186 bytes y se libero un total de 0 bytes. Se obtuvo un total de 186 bytes perdidos. Y la cantidad de memoria disponible del proceso es de 5
[TRACE] 18:19:11:940 MUSE/(5277:5280): se procede a extender el segmento nro #0 del proceso #5279.
[TRACE] 18:19:11:940 MUSE/(5277:5280): se produce un page fault (pagina #5)
[TRACE] 18:19:11:940 MUSE/(5277:5280): se comienza a ejecutar el algoritmo clock modificado.
[TRACE] 18:19:11:940 MUSE/(5277:5280): se eligio como victima la pagina #3 cuyo frame es #1.
[TRACE] 18:19:11:940 MUSE/(5277:5280): se swapea la pagina #5 con la pagina #3
[TRACE] 18:19:11:941 MUSE/(5277:5280): se le asigno correctamente memoria dinamica al proceso #5279. La direccion logica es 241
[TRACE] 18:19:11:941 MUSE/(5277:5280): el proceso #5279 solicito copiar 26 a copiar en la direccion #241.
[TRACE] 18:19:11:941 MUSE/(5277:5280): se copio exitosamente 'Uh, haces mi motor andar
' en la direccion 241 correspondiendo al segmento #0 del proceso #5279.
[TRACE] 18:19:11:941 MUSE/(5277:5280): el proceso #5279 solicito 26 bytes dinamicos de memoria.
[INFO] 18:19:11:941 MUSE/(5277:5280): el porcentaje de memoria asignada del proceso #5279 es igual a 1 % .0 Se solicito un total de 212 bytes y se libero un total de 0 bytes. Se obtuvo un total de 212 bytes perdidos. Y la cantidad de memoria disponible del proceso es de 24
[TRACE] 18:19:11:941 MUSE/(5277:5280): se procede a extender el segmento nro #0 del proceso #5279.
[TRACE] 18:19:11:942 MUSE/(5277:5280): se produce un page fault (pagina #6)
[TRACE] 18:19:11:942 MUSE/(5277:5280): se comienza a ejecutar el algoritmo clock modificado.
[TRACE] 18:19:11:942 MUSE/(5277:5280): se eligio como victima la pagina #4 cuyo frame es #0.
[TRACE] 18:19:11:942 MUSE/(5277:5280): se swapea la pagina #6 con la pagina #4
[TRACE] 18:19:11:942 MUSE/(5277:5280): se le asigno correctamente memoria dinamica al proceso #5279. La direccion logica es 272
[TRACE] 18:19:11:942 MUSE/(5277:5280): el proceso #5279 solicito copiar 26 a copiar en la direccion #272.
[TRACE] 18:19:11:942 MUSE/(5277:5280): se copio exitosamente 'Uh, haces mi motor andar
' en la direccion 272 correspondiendo al segmento #0 del proceso #5279.
[TRACE] 18:19:11:942 MUSE/(5277:5280): el proceso #5279 solicito 31 bytes dinamicos de memoria.
[INFO] 18:19:11:942 MUSE/(5277:5280): el porcentaje de memoria asignada del proceso #5279 es igual a 1 % .0 Se solicito un total de 238 bytes y se libero un total de 0 bytes. Se obtuvo un total de 238 bytes perdidos. Y la cantidad de memoria disponible del proceso es de 43
[TRACE] 18:19:11:942 MUSE/(5277:5280): se procede a asignar memoria del segmento nro #0 del proceso #5279.
[TRACE] 18:19:11:942 MUSE/(5277:5280): se le asigno correctamente memoria dinamica al proceso #5279. La direccion logica es 303
[TRACE] 18:19:11:942 MUSE/(5277:5280): el proceso #5279 solicito copiar 31 a copiar en la direccion #303.
[TRACE] 18:19:11:942 MUSE/(5277:5280): se copio exitosamente 'Cuanto tiempo hasta hallarte?
' en la direccion 303 correspondiendo al segmento #0 del proceso #5279.
[TRACE] 18:19:11:942 MUSE/(5277:5280): el proceso #5279 solicito 29 bytes dinamicos de memoria.
[INFO] 18:19:11:942 MUSE/(5277:5280): el porcentaje de memoria asignada del proceso #5279 es igual a 1 % .0 Se solicito un total de 269 bytes y se libero un total de 0 bytes. Se obtuvo un total de 269 bytes perdidos. Y la cantidad de memoria disponible del proceso es de 7
[TRACE] 18:19:11:942 MUSE/(5277:5280): se procede a extender el segmento nro #0 del proceso #5279.
[TRACE] 18:19:11:942 MUSE/(5277:5280): se produce un page fault (pagina #7)
[TRACE] 18:19:11:942 MUSE/(5277:5280): se comienza a ejecutar el algoritmo clock modificado.
[TRACE] 18:19:11:942 MUSE/(5277:5280): se eligio como victima la pagina #5 cuyo frame es #1.
[TRACE] 18:19:11:942 MUSE/(5277:5280): se swapea la pagina #7 con la pagina #5
[TRACE] 18:19:11:942 MUSE/(5277:5280): se le asigno correctamente memoria dinamica al proceso #5279. La direccion logica es 339
[TRACE] 18:19:11:942 MUSE/(5277:5280): el proceso #5279 solicito copiar 29 a copiar en la direccion #339.
[TRACE] 18:19:11:942 MUSE/(5277:5280): se copio exitosamente 'No escuchas mi plato girar?
' en la direccion 339 correspondiendo al segmento #0 del proceso #5279.
[TRACE] 18:19:11:943 MUSE/(5277:5280): el proceso #5279 solicito 21 bytes dinamicos de memoria.
[INFO] 18:19:11:943 MUSE/(5277:5280): el porcentaje de memoria asignada del proceso #5279 es igual a 1 % .0 Se solicito un total de 298 bytes y se libero un total de 0 bytes. Se obtuvo un total de 298 bytes perdidos. Y la cantidad de memoria disponible del proceso es de 23
[TRACE] 18:19:11:943 MUSE/(5277:5280): se procede a asignar memoria del segmento nro #0 del proceso #5279.
[TRACE] 18:19:11:943 MUSE/(5277:5280): se le asigno correctamente memoria dinamica al proceso #5279. La direccion logica es 373
[TRACE] 18:19:11:943 MUSE/(5277:5280): el proceso #5279 solicito copiar 21 a copiar en la direccion #373.
[TRACE] 18:19:11:943 MUSE/(5277:5280): se copio exitosamente 'No sabes que sufro?
' en la direccion 373 correspondiendo al segmento #0 del proceso #5279.
[TRACE] 18:19:11:943 MUSE/(5277:5280): el proceso #5279 solicito la lectura de 21 bytes de la direccion 373
[TRACE] 18:19:11:943 MUSE/(5277:5280): el proceso #5279 solicito la liberacion de la direccion de memoria 373.
[TRACE] 18:19:11:943 MUSE/(5277:5280): se libero correctamente la direccion 373 del proceso #5279
[TRACE] 18:19:12:944 MUSE/(5277:5280): el proceso #5279 solicito la lectura de 29 bytes de la direccion 339
[TRACE] 18:19:12:944 MUSE/(5277:5280): el proceso #5279 solicito la liberacion de la direccion de memoria 339.
[TRACE] 18:19:12:944 MUSE/(5277:5280): se libero correctamente la direccion 339 del proceso #5279
[TRACE] 18:19:13:945 MUSE/(5277:5280): el proceso #5279 solicito la lectura de 31 bytes de la direccion 303
[TRACE] 18:19:13:946 MUSE/(5277:5280): el proceso #5279 solicito la liberacion de la direccion de memoria 303.
[TRACE] 18:19:13:946 MUSE/(5277:5280): se produce un page fault (pagina #5)
[TRACE] 18:19:13:946 MUSE/(5277:5280): se procede a asignar el marco #1 a la pagina #5
[TRACE] 18:19:13:946 MUSE/(5277:5280): se libero correctamente la direccion 303 del proceso #5279
[TRACE] 18:19:14:947 MUSE/(5277:5280): el proceso #5279 solicito la lectura de 26 bytes de la direccion 272
[TRACE] 18:19:14:947 MUSE/(5277:5280): el proceso #5279 solicito la liberacion de la direccion de memoria 272.
[TRACE] 18:19:14:947 MUSE/(5277:5280): se libero correctamente la direccion 272 del proceso #5279
[TRACE] 18:19:15:947 MUSE/(5277:5280): el proceso #5279 solicito la lectura de 26 bytes de la direccion 241
[TRACE] 18:19:15:948 MUSE/(5277:5280): se produce un page fault (pagina #4)
[TRACE] 18:19:15:948 MUSE/(5277:5280): se procede a asignar el marco #0 a la pagina #4
[TRACE] 18:19:15:948 MUSE/(5277:5280): el proceso #5279 solicito la liberacion de la direccion de memoria 241.
[TRACE] 18:19:15:948 MUSE/(5277:5280): se libero correctamente la direccion 241 del proceso #5279
[TRACE] 18:19:16:950 MUSE/(5277:5280): el proceso #5279 solicito la lectura de 23 bytes de la direccion 213
[TRACE] 18:19:16:950 MUSE/(5277:5280): el proceso #5279 solicito la liberacion de la direccion de memoria 213.
[TRACE] 18:19:16:950 MUSE/(5277:5280): se libero correctamente la direccion 213 del proceso #5279
[TRACE] 18:19:17:951 MUSE/(5277:5280): el proceso #5279 solicito la lectura de 7 bytes de la direccion 201
[TRACE] 18:19:17:951 MUSE/(5277:5280): el proceso #5279 solicito la liberacion de la direccion de memoria 201.
[TRACE] 18:19:17:951 MUSE/(5277:5280): se produce un page fault (pagina #3)
[TRACE] 18:19:17:951 MUSE/(5277:5280): se procede a asignar el marco #1 a la pagina #3
[TRACE] 18:19:17:951 MUSE/(5277:5280): se libero correctamente la direccion 201 del proceso #5279
[TRACE] 18:19:18:952 MUSE/(5277:5280): el proceso #5279 solicito la lectura de 32 bytes de la direccion 164
[TRACE] 18:19:18:953 MUSE/(5277:5280): el proceso #5279 solicito la liberacion de la direccion de memoria 164.
[TRACE] 18:19:18:953 MUSE/(5277:5280): se libero correctamente la direccion 164 del proceso #5279
[TRACE] 18:19:19:954 MUSE/(5277:5280): el proceso #5279 solicito la lectura de 7 bytes de la direccion 152
[TRACE] 18:19:19:955 MUSE/(5277:5280): el proceso #5279 solicito la liberacion de la direccion de memoria 152.
[TRACE] 18:19:19:955 MUSE/(5277:5280): se produce un page fault (pagina #2)
[TRACE] 18:19:19:955 MUSE/(5277:5280): se procede a asignar el marco #0 a la pagina #2
[TRACE] 18:19:19:955 MUSE/(5277:5280): se libero correctamente la direccion 152 del proceso #5279
[TRACE] 18:19:20:956 MUSE/(5277:5280): el proceso #5279 solicito la lectura de 32 bytes de la direccion 115
[TRACE] 18:19:20:956 MUSE/(5277:5280): el proceso #5279 solicito la liberacion de la direccion de memoria 115.
[TRACE] 18:19:20:956 MUSE/(5277:5280): se libero correctamente la direccion 115 del proceso #5279
[TRACE] 18:19:21:957 MUSE/(5277:5280): el proceso #5279 solicito la lectura de 7 bytes de la direccion 103
[TRACE] 18:19:21:957 MUSE/(5277:5280): el proceso #5279 solicito la liberacion de la direccion de memoria 103.
[TRACE] 18:19:21:957 MUSE/(5277:5280): se produce un page fault (pagina #1)
[TRACE] 18:19:21:957 MUSE/(5277:5280): se procede a asignar el marco #1 a la pagina #1
[TRACE] 18:19:21:957 MUSE/(5277:5280): se libero correctamente la direccion 103 del proceso #5279
[TRACE] 18:19:22:958 MUSE/(5277:5280): el proceso #5279 solicito la lectura de 32 bytes de la direccion 66
[TRACE] 18:19:22:959 MUSE/(5277:5280): el proceso #5279 solicito la liberacion de la direccion de memoria 66.
[TRACE] 18:19:22:959 MUSE/(5277:5280): se libero correctamente la direccion 66 del proceso #5279
[TRACE] 18:19:23:959 MUSE/(5277:5280): el proceso #5279 solicito la lectura de 7 bytes de la direccion 54
[TRACE] 18:19:23:960 MUSE/(5277:5280): el proceso #5279 solicito la liberacion de la direccion de memoria 54.
[TRACE] 18:19:23:960 MUSE/(5277:5280): se produce un page fault (pagina #0)
[TRACE] 18:19:23:960 MUSE/(5277:5280): se procede a asignar el marco #0 a la pagina #0
[TRACE] 18:19:23:960 MUSE/(5277:5280): se libero correctamente la direccion 54 del proceso #5279
[TRACE] 18:19:24:961 MUSE/(5277:5280): el proceso #5279 solicito la lectura de 32 bytes de la direccion 17
[TRACE] 18:19:24:962 MUSE/(5277:5280): el proceso #5279 solicito la liberacion de la direccion de memoria 17.
[TRACE] 18:19:24:962 MUSE/(5277:5280): se libero correctamente la direccion 17 del proceso #5279
[TRACE] 18:19:25:962 MUSE/(5277:5280): el proceso #5279 solicito la lectura de 7 bytes de la direccion 5
[TRACE] 18:19:25:963 MUSE/(5277:5280): el proceso #5279 solicito la liberacion de la direccion de memoria 5.
[TRACE] 18:19:25:963 MUSE/(5277:5280): se libero correctamente la direccion 5 del proceso #5279
[TRACE] 18:19:26:963 MUSE/(5277:5280): proceso #5279 solicito el cierre de la libreria.
[INFO] 18:19:26:965 MUSE/(5277:5280): el porcentaje de memoria asignada del proceso #5279 es igual a 0 % .0 Se solicito un total de 319 bytes y se libero un total de 7 bytes. Se obtuvo un total de 312 bytes perdidos. Y la cantidad de memoria disponible del proceso es de 0
[TRACE] 18:22:15:39 MUSE/(5277:5277): se procede a liberar recursos del sistema.
[TRACE] 18:22:15:40 MUSE/(5277:5277): se liberaron correctamente todos los recursos.
[TRACE] 00:06:00:417 MUSE/(3782:3784): proceso #3783 solicito la apertura de la libreria.
[TRACE] 00:06:00:418 MUSE/(3782:3784): se inicializo correctamente la libreria para proceso #3783
[TRACE] 00:06:00:418 MUSE/(3782:3784): el proceso #3783 solicito 7 bytes dinamicos de memoria.
[INFO] 00:06:00:418 MUSE/(3782:3784): el porcentaje de memoria asignada del proceso #3783 es igual a 0 % .0 Se solicito un total de 0 bytes y se libero un total de 0 bytes. Se obtuvo un total de 0 bytes perdidos. Y la cantidad de memoria disponible del proceso es de 0
[TRACE] 00:06:00:418 MUSE/(3782:3784): se crea un segmento nuevo para el proceso #3783.
[TRACE] 00:06:00:419 MUSE/(3782:3784): se le asigno correctamente memoria dinamica al proceso #3783. La direccion logica es 5
[TRACE] 00:06:00:419 MUSE/(3782:3784): el proceso #3783 solicito copiar 7 a copiar en la direccion #5.
[TRACE] 00:06:00:419 MUSE/(3782:3784): se copio exitosamente 'Oh si
' en la direccion 5 correspondiendo al segmento #0 del proceso #3783.
[TRACE] 00:06:00:419 MUSE/(3782:3784): el proceso #3783 solicito 32 bytes dinamicos de memoria.
[INFO] 00:06:00:419 MUSE/(3782:3784): el porcentaje de memoria asignada del proceso #3783 es igual a 1 % .0 Se solicito un total de 7 bytes y se libero un total de 0 bytes. Se obtuvo un total de 7 bytes perdidos. Y la cantidad de memoria disponible del proceso es de 33
[TRACE] 00:06:00:419 MUSE/(3782:3784): se procede a asignar memoria del segmento nro #0 del proceso #3783.
[TRACE] 00:06:00:419 MUSE/(3782:3784): se le asigno correctamente memoria dinamica al proceso #3783. La direccion logica es 17
[TRACE] 00:06:00:419 MUSE/(3782:3784): el proceso #3783 solicito copiar 32 a copiar en la direccion #17.
[TRACE] 00:06:00:419 MUSE/(3782:3784): se copio exitosamente 'un Archivo de swap supermasivo
' en la direccion 17 correspondiendo al segmento #0 del proceso #3783.
[TRACE] 00:06:00:419 MUSE/(3782:3784): el proceso #3783 solicito 7 bytes dinamicos de memoria.
[INFO] 00:06:00:420 MUSE/(3782:3784): el porcentaje de memoria asignada del proceso #3783 es igual a 1 % .0 Se solicito un total de 39 bytes y se libero un total de 0 bytes. Se obtuvo un total de 39 bytes perdidos. Y la cantidad de memoria disponible del proceso es de 0
[TRACE] 00:06:00:420 MUSE/(3782:3784): se procede a extender el segmento nro #0 del proceso #3783.
[TRACE] 00:06:00:420 MUSE/(3782:3784): se le asigno correctamente memoria dinamica al proceso #3783. La direccion logica es 54
[TRACE] 00:06:00:420 MUSE/(3782:3784): el proceso #3783 solicito copiar 7 a copiar en la direccion #54.
[TRACE] 00:06:00:420 MUSE/(3782:3784): se copio exitosamente 'Oh si
' en la direccion 54 correspondiendo al segmento #0 del proceso #3783.
[TRACE] 00:06:00:420 MUSE/(3782:3784): el proceso #3783 solicito 32 bytes dinamicos de memoria.
[INFO] 00:06:00:420 MUSE/(3782:3784): el porcentaje de memoria asignada del proceso #3783 es igual a 1 % .0 Se solicito un total de 46 bytes y se libero un total de 0 bytes. Se obtuvo un total de 46 bytes perdidos. Y la cantidad de memoria disponible del proceso es de 33
[TRACE] 00:06:00:420 MUSE/(3782:3784): se procede a asignar memoria del segmento nro #0 del proceso #3783.
[TRACE] 00:06:00:420 MUSE/(3782:3784): se le asigno correctamente memoria dinamica al proceso #3783. La direccion logica es 66
[TRACE] 00:06:00:420 MUSE/(3782:3784): el proceso #3783 solicito copiar 32 a copiar en la direccion #66.
[TRACE] 00:06:00:420 MUSE/(3782:3784): se copio exitosamente 'un Archivo de swap supermasivo
' en la direccion 66 correspondiendo al segmento #0 del proceso #3783.
[TRACE] 00:06:00:421 MUSE/(3782:3784): el proceso #3783 solicito 7 bytes dinamicos de memoria.
[INFO] 00:06:00:421 MUSE/(3782:3784): el porcentaje de memoria asignada del proceso #3783 es igual a 1 % .0 Se solicito un total de 78 bytes y se libero un total de 0 bytes. Se obtuvo un total de 78 bytes perdidos. Y la cantidad de memoria disponible del proceso es de 0
[TRACE] 00:06:00:421 MUSE/(3782:3784): se procede a extender el segmento nro #0 del proceso #3783.
[TRACE] 00:06:00:421 MUSE/(3782:3784): se produce un page fault (pagina #2)
[TRACE] 00:06:00:421 MUSE/(3782:3784): se comienza a ejecutar el algoritmo clock modificado.
[TRACE] 00:06:00:421 MUSE/(3782:3784): se eligio como victima la pagina #0 cuyo frame es #0.
[TRACE] 00:06:00:421 MUSE/(3782:3784): se swapea la pagina #2 con la pagina #0
[TRACE] 00:06:00:421 MUSE/(3782:3784): se le asigno correctamente memoria dinamica al proceso #3783. La direccion logica es 103
[TRACE] 00:06:00:421 MUSE/(3782:3784): el proceso #3783 solicito copiar 7 a copiar en la direccion #103.
[TRACE] 00:06:00:421 MUSE/(3782:3784): se copio exitosamente 'Oh si
' en la direccion 103 correspondiendo al segmento #0 del proceso #3783.
[TRACE] 00:06:00:421 MUSE/(3782:3784): el proceso #3783 solicito 32 bytes dinamicos de memoria.
[INFO] 00:06:00:421 MUSE/(3782:3784): el porcentaje de memoria asignada del proceso #3783 es igual a 1 % .0 Se solicito un total de 85 bytes y se libero un total de 0 bytes. Se obtuvo un total de 85 bytes perdidos. Y la cantidad de memoria disponible del proceso es de 33
[TRACE] 00:06:00:421 MUSE/(3782:3784): se procede a asignar memoria del segmento nro #0 del proceso #3783.
[TRACE] 00:06:00:421 MUSE/(3782:3784): se le asigno correctamente memoria dinamica al proceso #3783. La direccion logica es 115
[TRACE] 00:06:00:421 MUSE/(3782:3784): el proceso #3783 solicito copiar 32 a copiar en la direccion #115.
[TRACE] 00:06:00:421 MUSE/(3782:3784): se copio exitosamente 'un Archivo de swap supermasivo
' en la direccion 115 correspondiendo al segmento #0 del proceso #3783.
[TRACE] 00:06:00:421 MUSE/(3782:3784): el proceso #3783 solicito 7 bytes dinamicos de memoria.
[INFO] 00:06:00:421 MUSE/(3782:3784): el porcentaje de memoria asignada del proceso #3783 es igual a 1 % .0 Se solicito un total de 117 bytes y se libero un total de 0 bytes. Se obtuvo un total de 117 bytes perdidos. Y la cantidad de memoria disponible del proceso es de 0
[TRACE] 00:06:00:421 MUSE/(3782:3784): se procede a extender el segmento nro #0 del proceso #3783.
[TRACE] 00:06:00:421 MUSE/(3782:3784): se produce un page fault (pagina #3)
[TRACE] 00:06:00:421 MUSE/(3782:3784): se comienza a ejecutar el algoritmo clock modificado.
[TRACE] 00:06:00:421 MUSE/(3782:3784): se eligio como victima la pagina #1 cuyo frame es #1.
[TRACE] 00:06:00:421 MUSE/(3782:3784): se swapea la pagina #3 con la pagina #1
[TRACE] 00:06:00:421 MUSE/(3782:3784): se le asigno correctamente memoria dinamica al proceso #3783. La direccion logica es 152
[TRACE] 00:06:00:421 MUSE/(3782:3784): el proceso #3783 solicito copiar 7 a copiar en la direccion #152.
[TRACE] 00:06:00:421 MUSE/(3782:3784): se copio exitosamente 'Oh si
' en la direccion 152 correspondiendo al segmento #0 del proceso #3783.
[TRACE] 00:06:00:421 MUSE/(3782:3784): el proceso #3783 solicito 32 bytes dinamicos de memoria.
[INFO] 00:06:00:421 MUSE/(3782:3784): el porcentaje de memoria asignada del proceso #3783 es igual a 1 % .0 Se solicito un total de 124 bytes y se libero un total de 0 bytes. Se obtuvo un total de 124 bytes perdidos. Y la cantidad de memoria disponible del proceso es de 33
[TRACE] 00:06:00:421 MUSE/(3782:3784): se procede a asignar memoria del segmento nro #0 del proceso #3783.
[TRACE] 00:06:00:421 MUSE/(3782:3784): se le asigno correctamente memoria dinamica al proceso #3783. La direccion logica es 164
[TRACE] 00:06:00:421 MUSE/(3782:3784): el proceso #3783 solicito copiar 32 a copiar en la direccion #164.
[TRACE] 00:06:00:421 MUSE/(3782:3784): se copio exitosamente 'un Archivo de swap supermasivo
' en la direccion 164 correspondiendo al segmento #0 del proceso #3783.
[TRACE] 00:06:00:421 MUSE/(3782:3784): el proceso #3783 solicito 7 bytes dinamicos de memoria.
[INFO] 00:06:00:421 MUSE/(3782:3784): el porcentaje de memoria asignada del proceso #3783 es igual a 1 % .0 Se solicito un total de 156 bytes y se libero un total de 0 bytes. Se obtuvo un total de 156 bytes perdidos. Y la cantidad de memoria disponible del proceso es de 0
[TRACE] 00:06:00:421 MUSE/(3782:3784): se procede a extender el segmento nro #0 del proceso #3783.
[TRACE] 00:06:00:421 MUSE/(3782:3784): se produce un page fault (pagina #4)
[TRACE] 00:06:00:421 MUSE/(3782:3784): se comienza a ejecutar el algoritmo clock modificado.
[TRACE] 00:06:00:421 MUSE/(3782:3784): se eligio como victima la pagina #2 cuyo frame es #0.
[TRACE] 00:06:00:421 MUSE/(3782:3784): se swapea la pagina #4 con la pagina #2
[TRACE] 00:06:00:422 MUSE/(3782:3784): se le asigno correctamente memoria dinamica al proceso #3783. La direccion logica es 201
[TRACE] 00:06:00:422 MUSE/(3782:3784): el proceso #3783 solicito copiar 7 a copiar en la direccion #201.
[TRACE] 00:06:00:422 MUSE/(3782:3784): se copio exitosamente 'Oh si
' en la direccion 201 correspondiendo al segmento #0 del proceso #3783.
[TRACE] 00:06:00:422 MUSE/(3782:3784): el proceso #3783 solicito 23 bytes dinamicos de memoria.
[INFO] 00:06:00:422 MUSE/(3782:3784): el porcentaje de memoria asignada del proceso #3783 es igual a 1 % .0 Se solicito un total de 163 bytes y se libero un total de 0 bytes. Se obtuvo un total de 163 bytes perdidos. Y la cantidad de memoria disponible del proceso es de 33
[TRACE] 00:06:00:422 MUSE/(3782:3784): se procede a asignar memoria del segmento nro #0 del proceso #3783.
[TRACE] 00:06:00:422 MUSE/(3782:3784): se le asigno correctamente memoria dinamica al proceso #3783. La direccion logica es 213
[TRACE] 00:06:00:422 MUSE/(3782:3784): el proceso #3783 solicito copiar 23 a copiar en la direccion #213.
[TRACE] 00:06:00:422 MUSE/(3782:3784): se copio exitosamente 'Y mis cilindros rotar
' en la direccion 213 correspondiendo al segmento #0 del proceso #3783.
[TRACE] 00:06:00:422 MUSE/(3782:3784): el proceso #3783 solicito 26 bytes dinamicos de memoria.
[INFO] 00:06:00:422 MUSE/(3782:3784): el porcentaje de memoria asignada del proceso #3783 es igual a 1 % .0 Se solicito un total de 186 bytes y se libero un total de 0 bytes. Se obtuvo un total de 186 bytes perdidos. Y la cantidad de memoria disponible del proceso es de 5
[TRACE] 00:06:00:422 MUSE/(3782:3784): se procede a extender el segmento nro #0 del proceso #3783.
[TRACE] 00:06:00:422 MUSE/(3782:3784): se produce un page fault (pagina #5)
[TRACE] 00:06:00:422 MUSE/(3782:3784): se comienza a ejecutar el algoritmo clock modificado.
[TRACE] 00:06:00:422 MUSE/(3782:3784): se eligio como victima la pagina #3 cuyo frame es #1.
[TRACE] 00:06:00:422 MUSE/(3782:3784): se swapea la pagina #5 con la pagina #3
[TRACE] 00:06:00:422 MUSE/(3782:3784): se le asigno correctamente memoria dinamica al proceso #3783. La direccion logica es 241
[TRACE] 00:06:00:422 MUSE/(3782:3784): el proceso #3783 solicito copiar 26 a copiar en la direccion #241.
[TRACE] 00:06:00:422 MUSE/(3782:3784): se copio exitosamente 'Uh, haces mi motor andar
' en la direccion 241 correspondiendo al segmento #0 del proceso #3783.
[TRACE] 00:06:00:422 MUSE/(3782:3784): el proceso #3783 solicito 26 bytes dinamicos de memoria.
[INFO] 00:06:00:422 MUSE/(3782:3784): el porcentaje de memoria asignada del proceso #3783 es igual a 1 % .0 Se solicito un total de 212 bytes y se libero un total de 0 bytes. Se obtuvo un total de 212 bytes perdidos. Y la cantidad de memoria disponible del proceso es de 24
[TRACE] 00:06:00:422 MUSE/(3782:3784): se procede a extender el segmento nro #0 del proceso #3783.
[TRACE] 00:06:00:422 MUSE/(3782:3784): se produce un page fault (pagina #6)
[TRACE] 00:06:00:422 MUSE/(3782:3784): se comienza a ejecutar el algoritmo clock modificado.
[TRACE] 00:06:00:422 MUSE/(3782:3784): se eligio como victima la pagina #4 cuyo frame es #0.
[TRACE] 00:06:00:422 MUSE/(3782:3784): se swapea la pagina #6 con la pagina #4
[TRACE] 00:06:00:422 MUSE/(3782:3784): se le asigno correctamente memoria dinamica al proceso #3783. La direccion logica es 272
[TRACE] 00:06:00:422 MUSE/(3782:3784): el proceso #3783 solicito copiar 26 a copiar en la direccion #272.
[TRACE] 00:06:00:422 MUSE/(3782:3784): se copio exitosamente 'Uh, haces mi motor andar
' en la direccion 272 correspondiendo al segmento #0 del proceso #3783.
[TRACE] 00:06:00:423 MUSE/(3782:3784): el proceso #3783 solicito 31 bytes dinamicos de memoria.
[INFO] 00:06:00:423 MUSE/(3782:3784): el porcentaje de memoria asignada del proceso #3783 es igual a 1 % .0 Se solicito un total de 238 bytes y se libero un total de 0 bytes. Se obtuvo un total de 238 bytes perdidos. Y la cantidad de memoria disponible del proceso es de 43
[TRACE] 00:06:00:423 MUSE/(3782:3784): se procede a asignar memoria del segmento nro #0 del proceso #3783.
[TRACE] 00:06:00:423 MUSE/(3782:3784): se le asigno correctamente memoria dinamica al proceso #3783. La direccion logica es 303
[TRACE] 00:06:00:423 MUSE/(3782:3784): el proceso #3783 solicito copiar 31 a copiar en la direccion #303.
[TRACE] 00:06:00:423 MUSE/(3782:3784): se copio exitosamente 'Cuanto tiempo hasta hallarte?
' en la direccion 303 correspondiendo al segmento #0 del proceso #3783.
[TRACE] 00:06:00:423 MUSE/(3782:3784): el proceso #3783 solicito 29 bytes dinamicos de memoria.
[INFO] 00:06:00:423 MUSE/(3782:3784): el porcentaje de memoria asignada del proceso #3783 es igual a 1 % .0 Se solicito un total de 269 bytes y se libero un total de 0 bytes. Se obtuvo un total de 269 bytes perdidos. Y la cantidad de memoria disponible del proceso es de 7
[TRACE] 00:06:00:423 MUSE/(3782:3784): se procede a extender el segmento nro #0 del proceso #3783.
[TRACE] 00:06:00:423 MUSE/(3782:3784): se produce un page fault (pagina #7)
[TRACE] 00:06:00:423 MUSE/(3782:3784): se comienza a ejecutar el algoritmo clock modificado.
[TRACE] 00:06:00:423 MUSE/(3782:3784): se eligio como victima la pagina #5 cuyo frame es #1.
[TRACE] 00:06:00:423 MUSE/(3782:3784): se swapea la pagina #7 con la pagina #5
[TRACE] 00:06:00:423 MUSE/(3782:3784): se le asigno correctamente memoria dinamica al proceso #3783. La direccion logica es 339
[TRACE] 00:06:00:423 MUSE/(3782:3784): el proceso #3783 solicito copiar 29 a copiar en la direccion #339.
[TRACE] 00:06:00:423 MUSE/(3782:3784): se copio exitosamente 'No escuchas mi plato girar?
' en la direccion 339 correspondiendo al segmento #0 del proceso #3783.
[TRACE] 00:06:00:423 MUSE/(3782:3784): el proceso #3783 solicito 21 bytes dinamicos de memoria.
[INFO] 00:06:00:423 MUSE/(3782:3784): el porcentaje de memoria asignada del proceso #3783 es igual a 1 % .0 Se solicito un total de 298 bytes y se libero un total de 0 bytes. Se obtuvo un total de 298 bytes perdidos. Y la cantidad de memoria disponible del proceso es de 23
[TRACE] 00:06:00:423 MUSE/(3782:3784): se procede a asignar memoria del segmento nro #0 del proceso #3783.
[TRACE] 00:06:00:423 MUSE/(3782:3784): se le asigno correctamente memoria dinamica al proceso #3783. La direccion logica es 373
[TRACE] 00:06:00:423 MUSE/(3782:3784): el proceso #3783 solicito copiar 21 a copiar en la direccion #373.
[TRACE] 00:06:00:423 MUSE/(3782:3784): se copio exitosamente 'No sabes que sufro?
' en la direccion 373 correspondiendo al segmento #0 del proceso #3783.
[TRACE] 00:06:00:423 MUSE/(3782:3784): el proceso #3783 solicito la lectura de 21 bytes de la direccion 373
[TRACE] 00:06:00:423 MUSE/(3782:3784): el proceso #3783 solicito la liberacion de la direccion de memoria 373.
[TRACE] 00:06:00:423 MUSE/(3782:3784): se libero correctamente la direccion 373 del proceso #3783
[TRACE] 00:06:01:424 MUSE/(3782:3784): el proceso #3783 solicito la lectura de 29 bytes de la direccion 339
[TRACE] 00:06:01:424 MUSE/(3782:3784): el proceso #3783 solicito la liberacion de la direccion de memoria 339.
[TRACE] 00:06:01:424 MUSE/(3782:3784): se libero correctamente la direccion 339 del proceso #3783
[TRACE] 00:06:02:425 MUSE/(3782:3784): el proceso #3783 solicito la lectura de 31 bytes de la direccion 303
[TRACE] 00:06:02:425 MUSE/(3782:3784): el proceso #3783 solicito la liberacion de la direccion de memoria 303.
[TRACE] 00:06:02:425 MUSE/(3782:3784): se produce un page fault (pagina #5)
[TRACE] 00:06:02:426 MUSE/(3782:3784): se procede a asignar el marco #1 a la pagina #5
[TRACE] 00:06:02:426 MUSE/(3782:3784): se libero correctamente la direccion 303 del proceso #3783
[TRACE] 00:06:03:426 MUSE/(3782:3784): el proceso #3783 solicito la lectura de 26 bytes de la direccion 272
[TRACE] 00:06:03:426 MUSE/(3782:3784): el proceso #3783 solicito la liberacion de la direccion de memoria 272.
[TRACE] 00:06:03:426 MUSE/(3782:3784): se libero correctamente la direccion 272 del proceso #3783
[TRACE] 00:06:04:427 MUSE/(3782:3784): el proceso #3783 solicito la lectura de 26 bytes de la direccion 241
[TRACE] 00:06:04:427 MUSE/(3782:3784): se produce un page fault (pagina #4)
[TRACE] 00:06:04:427 MUSE/(3782:3784): se procede a asignar el marco #0 a la pagina #4
[TRACE] 00:06:04:428 MUSE/(3782:3784): el proceso #3783 solicito la liberacion de la direccion de memoria 241.
[TRACE] 00:06:04:428 MUSE/(3782:3784): se libero correctamente la direccion 241 del proceso #3783
[TRACE] 00:06:05:428 MUSE/(3782:3784): el proceso #3783 solicito la lectura de 23 bytes de la direccion 213
[TRACE] 00:06:05:428 MUSE/(3782:3784): el proceso #3783 solicito la liberacion de la direccion de memoria 213.
[TRACE] 00:06:05:429 MUSE/(3782:3784): se libero correctamente la direccion 213 del proceso #3783
[TRACE] 00:06:06:429 MUSE/(3782:3784): el proceso #3783 solicito la lectura de 7 bytes de la direccion 201
[TRACE] 00:06:06:429 MUSE/(3782:3784): el proceso #3783 solicito la liberacion de la direccion de memoria 201.
[TRACE] 00:06:06:430 MUSE/(3782:3784): se produce un page fault (pagina #3)
[TRACE] 00:06:06:430 MUSE/(3782:3784): se procede a asignar el marco #1 a la pagina #3
[TRACE] 00:06:06:430 MUSE/(3782:3784): se libero correctamente la direccion 201 del proceso #3783
[TRACE] 00:06:07:430 MUSE/(3782:3784): el proceso #3783 solicito la lectura de 32 bytes de la direccion 164
[TRACE] 00:06:07:430 MUSE/(3782:3784): el proceso #3783 solicito la liberacion de la direccion de memoria 164.
[TRACE] 00:06:07:430 MUSE/(3782:3784): se libero correctamente la direccion 164 del proceso #3783
[TRACE] 00:06:08:430 MUSE/(3782:3784): el proceso #3783 solicito la lectura de 7 bytes de la direccion 152
[TRACE] 00:06:08:430 MUSE/(3782:3784): el proceso #3783 solicito la liberacion de la direccion de memoria 152.
[TRACE] 00:06:08:431 MUSE/(3782:3784): se produce un page fault (pagina #2)
[TRACE] 00:06:08:431 MUSE/(3782:3784): se procede a asignar el marco #0 a la pagina #2
[TRACE] 00:06:08:431 MUSE/(3782:3784): se libero correctamente la direccion 152 del proceso #3783
[TRACE] 00:06:09:431 MUSE/(3782:3784): el proceso #3783 solicito la lectura de 32 bytes de la direccion 115
[TRACE] 00:06:09:431 MUSE/(3782:3784): el proceso #3783 solicito la liberacion de la direccion de memoria 115.
[TRACE] 00:06:09:431 MUSE/(3782:3784): se libero correctamente la direccion 115 del proceso #3783
[TRACE] 00:06:10:431 MUSE/(3782:3784): el proceso #3783 solicito la lectura de 7 bytes de la direccion 103
[TRACE] 00:06:10:431 MUSE/(3782:3784): el proceso #3783 solicito la liberacion de la direccion de memoria 103.
[TRACE] 00:06:10:431 MUSE/(3782:3784): se produce un page fault (pagina #1)
[TRACE] 00:06:10:431 MUSE/(3782:3784): se procede a asignar el marco #1 a la pagina #1
[TRACE] 00:06:10:431 MUSE/(3782:3784): se libero correctamente la direccion 103 del proceso #3783
[TRACE] 00:06:11:432 MUSE/(3782:3784): el proceso #3783 solicito la lectura de 32 bytes de la direccion 66
[TRACE] 00:06:11:432 MUSE/(3782:3784): el proceso #3783 solicito la liberacion de la direccion de memoria 66.
[TRACE] 00:06:11:432 MUSE/(3782:3784): se libero correctamente la direccion 66 del proceso #3783
[TRACE] 00:06:12:432 MUSE/(3782:3784): el proceso #3783 solicito la lectura de 7 bytes de la direccion 54
[TRACE] 00:06:12:432 MUSE/(3782:3784): el proceso #3783 solicito la liberacion de la direccion de memoria 54.
[TRACE] 00:06:12:432 MUSE/(3782:3784): se produce un page fault (pagina #0)
[TRACE] 00:06:12:432 MUSE/(3782:3784): se procede a asignar el marco #0 a la pagina #0
[TRACE] 00:06:12:432 MUSE/(3782:3784): se libero correctamente la direccion 54 del proceso #3783
[TRACE] 00:06:13:435 MUSE/(3782:3784): el proceso #3783 solicito la lectura de 32 bytes de la direccion 17
[TRACE] 00:06:13:435 MUSE/(3782:3784): el proceso #3783 solicito la liberacion de la direccion de memoria 17.
[TRACE] 00:06:13:435 MUSE/(3782:3784): se libero correctamente la direccion 17 del proceso #3783
[TRACE] 00:06:14:437 MUSE/(3782:3784): el proceso #3783 solicito la lectura de 7 bytes de la direccion 5
[TRACE] 00:06:14:437 MUSE/(3782:3784): el proceso #3783 solicito la liberacion de la direccion de memoria 5.
[TRACE] 00:06:14:437 MUSE/(3782:3784): se libero correctamente la direccion 5 del proceso #3783
[TRACE] 00:06:15:437 MUSE/(3782:3784): proceso #3783 solicito el cierre de la libreria.
[INFO] 00:06:15:438 MUSE/(3782:3784): el porcentaje de memoria asignada del proceso #3783 es igual a 0 % .0 Se solicito un total de 319 bytes y se libero un total de 7 bytes. Se obtuvo un total de 312 bytes perdidos. Y la cantidad de memoria disponible del proceso es de 0
[TRACE] 00:06:20:932 MUSE/(3782:3782): se procede a liberar recursos del sistema.
[TRACE] 00:06:20:932 MUSE/(3782:3782): se liberaron correctamente todos los recursos.
